2015-07-15 18:25:21 <TRACE> direct1: Initializing
2015-07-15 18:25:21 <TRACE> direct1: Starting
2015-07-15 18:25:21 <TRACE> direct1: Connected to table master
2015-07-15 18:25:21 <TRACE> direct1: State changed to feed
2015-07-15 18:25:21 <INFO> Graceful restart started
2015-07-15 18:25:21 <INFO> Graceful restart done
2015-07-15 18:25:21 <INFO> Started
2015-07-15 18:25:21 <TRACE> direct1 < primary address ::1/128 on interface lo added
2015-07-15 18:25:21 <TRACE> direct1 < primary address 2604:a880:1:20::/64 on interface eth0 added
2015-07-15 18:25:21 <TRACE> direct1 > added [best] 2604:a880:1:20::/64 dev eth0
2015-07-15 18:25:21 <TRACE> direct1 < secondary address fe80::/64 on interface eth0 added
2015-07-15 18:25:21 <TRACE> direct1 < primary address fe80::/64 on interface eth1 added
2015-07-15 18:25:21 <TRACE> direct1 < primary address fe80::/64 on interface docker0 added
2015-07-15 18:25:21 <TRACE> direct1: State changed to up
2015-07-15 19:14:51 <INFO> Reconfiguration requested by SIGHUP
2015-07-15 19:14:51 <INFO> Reconfiguring
2015-07-15 19:14:51 <TRACE> direct1: Reconfigured
2015-07-15 19:14:51 <INFO> Reconfigured
2015-07-15 19:15:21 <INFO> Reconfiguration requested by SIGHUP
2015-07-15 19:15:21 <INFO> Reconfiguring
2015-07-15 19:15:21 <TRACE> direct1: Reconfigured
2015-07-15 19:15:21 <INFO> Reconfigured
2015-07-15 22:33:04 <INFO> Reconfiguration requested by SIGHUP
2015-07-15 22:33:04 <INFO> Reconfiguring
2015-07-15 22:33:04 <TRACE> direct1: Reconfigured
2015-07-15 22:33:04 <INFO> Reconfigured
2015-07-15 22:55:31 <INFO> Shutting down
2015-07-15 22:55:31 <TRACE> direct1: Shutting down
2015-07-15 22:55:31 <TRACE> direct1: State changed to flush
2015-07-15 22:55:31 <TRACE> direct1 > removed [sole] 2604:a880:1:20::/64 dev eth0
2015-07-15 22:55:31 <TRACE> direct1: State changed to down
2015-07-15 22:55:31 <FATAL> Shutdown completed
2015-07-15 23:06:09 <TRACE> direct1: Initializing
2015-07-15 23:06:09 <TRACE> direct1: Starting
2015-07-15 23:06:09 <TRACE> direct1: Connected to table master
2015-07-15 23:06:09 <TRACE> direct1: State changed to feed
2015-07-15 23:06:09 <INFO> Graceful restart started
2015-07-15 23:06:09 <INFO> Graceful restart done
2015-07-15 23:06:09 <INFO> Started
2015-07-15 23:06:09 <TRACE> direct1 < primary address ::1/128 on interface lo added
2015-07-15 23:06:09 <TRACE> direct1 < primary address 2604:a880:1:20::/64 on interface eth0 added
2015-07-15 23:06:09 <TRACE> direct1 > added [best] 2604:a880:1:20::/64 dev eth0
2015-07-15 23:06:09 <TRACE> direct1 < secondary address fe80::/64 on interface eth0 added
2015-07-15 23:06:09 <TRACE> direct1 < primary address fe80::/64 on interface eth1 added
2015-07-15 23:06:09 <TRACE> direct1 < primary address fe80::/64 on interface docker0 added
2015-07-15 23:06:09 <TRACE> direct1: State changed to up
2015-07-15 23:09:49 <INFO> Shutting down
2015-07-15 23:09:49 <TRACE> direct1: Shutting down
2015-07-15 23:09:49 <TRACE> direct1: State changed to flush
2015-07-15 23:09:49 <TRACE> direct1 > removed [sole] 2604:a880:1:20::/64 dev eth0
2015-07-15 23:09:49 <TRACE> direct1: State changed to down
2015-07-15 23:09:49 <FATAL> Shutdown completed
2015-07-15 23:10:35 <TRACE> direct1: Initializing
2015-07-15 23:10:35 <TRACE> direct1: Starting
2015-07-15 23:10:35 <TRACE> direct1: Connected to table master
2015-07-15 23:10:35 <TRACE> direct1: State changed to feed
2015-07-15 23:10:35 <INFO> Graceful restart started
2015-07-15 23:10:35 <INFO> Graceful restart done
2015-07-15 23:10:35 <INFO> Started
2015-07-15 23:10:35 <TRACE> direct1 < primary address ::1/128 on interface lo added
2015-07-15 23:10:35 <TRACE> direct1 < primary address 2604:a880:1:20::/64 on interface eth0 added
2015-07-15 23:10:35 <TRACE> direct1 > added [best] 2604:a880:1:20::/64 dev eth0
2015-07-15 23:10:35 <TRACE> direct1 < secondary address fe80::/64 on interface eth0 added
2015-07-15 23:10:35 <TRACE> direct1 < primary address fe80::/64 on interface eth1 added
2015-07-15 23:10:35 <TRACE> direct1 < primary address fe80::/64 on interface docker0 added
2015-07-15 23:10:35 <TRACE> direct1: State changed to up
2015-07-15 23:13:36 <INFO> Reconfiguration requested by SIGHUP
2015-07-15 23:13:36 <INFO> Reconfiguring
2015-07-15 23:13:36 <TRACE> direct1: Reconfigured
2015-07-15 23:13:36 <INFO> Reconfigured
2015-07-16 14:32:54 <INFO> Reconfiguration requested by SIGHUP
2015-07-16 14:32:54 <INFO> Reconfiguring
2015-07-16 14:32:54 <TRACE> direct1: Reconfigured
2015-07-16 14:32:54 <INFO> Reconfigured
