2015-07-15T18:25:21Z evo49 /confd[34]: INFO Backend set to etcd
2015-07-15T18:25:21Z evo49 /confd[34]: INFO Starting confd
2015-07-15T18:25:21Z evo49 /confd[34]: INFO Backend nodes set to 45.55.12.109:2379
2015-07-15T18:25:21Z evo49 /confd[34]: DEBUG Loading template resources from confdir /
2015-07-15T18:25:21Z evo49 /confd[34]: DEBUG Loading template resource from /conf.d/bird.toml
2015-07-15T18:25:21Z evo49 /confd[34]: DEBUG Loading template resource from /conf.d/bird6.toml
2015-07-15T18:25:21Z evo49 /confd[34]: DEBUG Loading template resource from /conf.d/felix.toml
2015-07-15T18:25:21Z evo49 /confd[34]: DEBUG Retrieving keys from store
2015-07-15T18:25:21Z evo49 /confd[34]: DEBUG Key prefix set to /calico/v1/config
2015-07-15T18:25:21Z evo49 /confd[34]: DEBUG Using source template /templates/felix.cfg.template
2015-07-15T18:25:21Z evo49 /confd[34]: DEBUG Compiling source template /templates/felix.cfg.template
2015-07-15T18:25:21Z evo49 /confd[34]: DEBUG Comparing candidate config to /etc/calico/felix.cfg
2015-07-15T18:25:21Z evo49 /confd[34]: DEBUG Target config /etc/calico/felix.cfg in sync
2015-07-15T18:25:21Z evo49 /confd[34]: DEBUG Retrieving keys from store
2015-07-15T18:25:21Z evo49 /confd[34]: DEBUG Key prefix set to /calico/v1
2015-07-15T18:25:21Z evo49 /confd[34]: DEBUG Retrieving keys from store
2015-07-15T18:25:21Z evo49 /confd[34]: DEBUG Key prefix set to /calico/v1
2015-07-15T18:25:21Z evo49 /confd[34]: DEBUG Using source template /templates/bird.cfg.template
2015-07-15T18:25:21Z evo49 /confd[34]: DEBUG Compiling source template /templates/bird.cfg.template
2015-07-15T18:25:21Z evo49 /confd[34]: DEBUG Using source template /templates/bird6.cfg.template
2015-07-15T18:25:21Z evo49 /confd[34]: DEBUG Compiling source template /templates/bird6.cfg.template
2015-07-15T18:25:21Z evo49 /confd[34]: DEBUG Comparing candidate config to /config/bird6.cfg
2015-07-15T18:25:21Z evo49 /confd[34]: DEBUG Target config /config/bird6.cfg in sync
2015-07-15T18:25:21Z evo49 /confd[34]: DEBUG Comparing candidate config to /config/bird.cfg
2015-07-15T18:25:21Z evo49 /confd[34]: DEBUG Target config /config/bird.cfg in sync
2015-07-15T18:59:28Z evo49 /confd[34]: DEBUG Retrieving keys from store
2015-07-15T18:59:28Z evo49 /confd[34]: DEBUG Key prefix set to /calico/v1
2015-07-15T18:59:28Z evo49 /confd[34]: DEBUG Retrieving keys from store
2015-07-15T18:59:28Z evo49 /confd[34]: DEBUG Key prefix set to /calico/v1
2015-07-15T18:59:28Z evo49 /confd[34]: DEBUG Using source template /templates/bird.cfg.template
2015-07-15T18:59:28Z evo49 /confd[34]: DEBUG Using source template /templates/bird6.cfg.template
2015-07-15T18:59:28Z evo49 /confd[34]: DEBUG Compiling source template /templates/bird6.cfg.template
2015-07-15T18:59:28Z evo49 /confd[34]: DEBUG Compiling source template /templates/bird.cfg.template
2015-07-15T18:59:28Z evo49 /confd[34]: DEBUG Comparing candidate config to /config/bird6.cfg
2015-07-15T18:59:28Z evo49 /confd[34]: DEBUG Target config /config/bird6.cfg in sync
2015-07-15T18:59:28Z evo49 /confd[34]: DEBUG Comparing candidate config to /config/bird.cfg
2015-07-15T18:59:28Z evo49 /confd[34]: DEBUG Target config /config/bird.cfg in sync
2015-07-15T18:59:29Z evo49 /confd[34]: DEBUG Retrieving keys from store
2015-07-15T18:59:29Z evo49 /confd[34]: DEBUG Key prefix set to /calico/v1
2015-07-15T18:59:29Z evo49 /confd[34]: DEBUG Retrieving keys from store
2015-07-15T18:59:29Z evo49 /confd[34]: DEBUG Key prefix set to /calico/v1
2015-07-15T18:59:29Z evo49 /confd[34]: DEBUG Using source template /templates/bird.cfg.template
2015-07-15T18:59:29Z evo49 /confd[34]: DEBUG Compiling source template /templates/bird.cfg.template
2015-07-15T18:59:29Z evo49 /confd[34]: DEBUG Comparing candidate config to /config/bird.cfg
2015-07-15T18:59:29Z evo49 /confd[34]: DEBUG Target config /config/bird.cfg in sync
2015-07-15T18:59:29Z evo49 /confd[34]: DEBUG Using source template /templates/bird6.cfg.template
2015-07-15T18:59:29Z evo49 /confd[34]: DEBUG Compiling source template /templates/bird6.cfg.template
2015-07-15T18:59:29Z evo49 /confd[34]: DEBUG Comparing candidate config to /config/bird6.cfg
2015-07-15T18:59:29Z evo49 /confd[34]: DEBUG Target config /config/bird6.cfg in sync
2015-07-15T18:59:29Z evo49 /confd[34]: DEBUG Retrieving keys from store
2015-07-15T18:59:29Z evo49 /confd[34]: DEBUG Key prefix set to /calico/v1
2015-07-15T18:59:29Z evo49 /confd[34]: DEBUG Retrieving keys from store
2015-07-15T18:59:29Z evo49 /confd[34]: DEBUG Key prefix set to /calico/v1
2015-07-15T18:59:29Z evo49 /confd[34]: DEBUG Using source template /templates/bird6.cfg.template
2015-07-15T18:59:29Z evo49 /confd[34]: DEBUG Compiling source template /templates/bird6.cfg.template
2015-07-15T18:59:29Z evo49 /confd[34]: DEBUG Comparing candidate config to /config/bird6.cfg
2015-07-15T18:59:29Z evo49 /confd[34]: DEBUG Target config /config/bird6.cfg in sync
2015-07-15T18:59:29Z evo49 /confd[34]: DEBUG Using source template /templates/bird.cfg.template
2015-07-15T18:59:29Z evo49 /confd[34]: DEBUG Compiling source template /templates/bird.cfg.template
2015-07-15T18:59:29Z evo49 /confd[34]: DEBUG Comparing candidate config to /config/bird.cfg
2015-07-15T18:59:29Z evo49 /confd[34]: DEBUG Target config /config/bird.cfg in sync
2015-07-15T18:59:29Z evo49 /confd[34]: DEBUG Retrieving keys from store
2015-07-15T18:59:29Z evo49 /confd[34]: DEBUG Key prefix set to /calico/v1
2015-07-15T18:59:29Z evo49 /confd[34]: DEBUG Retrieving keys from store
2015-07-15T18:59:29Z evo49 /confd[34]: DEBUG Key prefix set to /calico/v1
2015-07-15T18:59:29Z evo49 /confd[34]: DEBUG Using source template /templates/bird.cfg.template
2015-07-15T18:59:29Z evo49 /confd[34]: DEBUG Compiling source template /templates/bird.cfg.template
2015-07-15T18:59:29Z evo49 /confd[34]: DEBUG Comparing candidate config to /config/bird.cfg
2015-07-15T18:59:29Z evo49 /confd[34]: DEBUG Target config /config/bird.cfg in sync
2015-07-15T18:59:29Z evo49 /confd[34]: DEBUG Using source template /templates/bird6.cfg.template
2015-07-15T18:59:29Z evo49 /confd[34]: DEBUG Compiling source template /templates/bird6.cfg.template
2015-07-15T18:59:29Z evo49 /confd[34]: DEBUG Comparing candidate config to /config/bird6.cfg
2015-07-15T18:59:29Z evo49 /confd[34]: DEBUG Target config /config/bird6.cfg in sync
2015-07-15T19:14:51Z evo49 /confd[34]: DEBUG Retrieving keys from store
2015-07-15T19:14:51Z evo49 /confd[34]: DEBUG Key prefix set to /calico/v1
2015-07-15T19:14:51Z evo49 /confd[34]: DEBUG Retrieving keys from store
2015-07-15T19:14:51Z evo49 /confd[34]: DEBUG Key prefix set to /calico/v1
2015-07-15T19:14:51Z evo49 /confd[34]: DEBUG Using source template /templates/bird6.cfg.template
2015-07-15T19:14:51Z evo49 /confd[34]: DEBUG Using source template /templates/bird.cfg.template
2015-07-15T19:14:51Z evo49 /confd[34]: DEBUG Compiling source template /templates/bird.cfg.template
2015-07-15T19:14:51Z evo49 /confd[34]: DEBUG Compiling source template /templates/bird6.cfg.template
2015-07-15T19:14:51Z evo49 /confd[34]: DEBUG Comparing candidate config to /config/bird6.cfg
2015-07-15T19:14:51Z evo49 /confd[34]: DEBUG Target config /config/bird6.cfg in sync
2015-07-15T19:14:51Z evo49 /confd[34]: DEBUG Comparing candidate config to /config/bird.cfg
2015-07-15T19:14:51Z evo49 /confd[34]: DEBUG Target config /config/bird.cfg in sync
2015-07-15T19:14:51Z evo49 /confd[34]: DEBUG Retrieving keys from store
2015-07-15T19:14:51Z evo49 /confd[34]: DEBUG Key prefix set to /calico/v1
2015-07-15T19:14:51Z evo49 /confd[34]: DEBUG Retrieving keys from store
2015-07-15T19:14:51Z evo49 /confd[34]: DEBUG Key prefix set to /calico/v1
2015-07-15T19:14:51Z evo49 /confd[34]: DEBUG Using source template /templates/bird.cfg.template
2015-07-15T19:14:51Z evo49 /confd[34]: DEBUG Compiling source template /templates/bird.cfg.template
2015-07-15T19:14:51Z evo49 /confd[34]: DEBUG Comparing candidate config to /config/bird.cfg
2015-07-15T19:14:51Z evo49 /confd[34]: INFO /config/bird.cfg has md5sum 363581f9fdd682a19c2b8b3b7214e963 should be 8f4abc566447b0ff074e9d4f17c69073
2015-07-15T19:14:51Z evo49 /confd[34]: INFO Target config /config/bird.cfg out of sync
2015-07-15T19:14:51Z evo49 /confd[34]: DEBUG Overwriting target config /config/bird.cfg
2015-07-15T19:14:51Z evo49 /confd[34]: DEBUG Using source template /templates/bird6.cfg.template
2015-07-15T19:14:51Z evo49 /confd[34]: DEBUG Compiling source template /templates/bird6.cfg.template
2015-07-15T19:14:51Z evo49 /confd[34]: DEBUG Running pkill -HUP bird || true
2015-07-15T19:14:51Z evo49 /confd[34]: DEBUG Comparing candidate config to /config/bird6.cfg
2015-07-15T19:14:51Z evo49 /confd[34]: DEBUG Target config /config/bird6.cfg in sync
2015-07-15T19:14:51Z evo49 /confd[34]: DEBUG ""
2015-07-15T19:14:51Z evo49 /confd[34]: INFO Target config /config/bird.cfg has been updated
2015-07-15T19:14:51Z evo49 /confd[34]: DEBUG Retrieving keys from store
2015-07-15T19:14:51Z evo49 /confd[34]: DEBUG Key prefix set to /calico/v1
2015-07-15T19:14:51Z evo49 /confd[34]: DEBUG Retrieving keys from store
2015-07-15T19:14:51Z evo49 /confd[34]: DEBUG Key prefix set to /calico/v1
2015-07-15T19:14:51Z evo49 /confd[34]: DEBUG Using source template /templates/bird6.cfg.template
2015-07-15T19:14:51Z evo49 /confd[34]: DEBUG Compiling source template /templates/bird6.cfg.template
2015-07-15T19:14:51Z evo49 /confd[34]: DEBUG Comparing candidate config to /config/bird6.cfg
2015-07-15T19:14:51Z evo49 /confd[34]: DEBUG Target config /config/bird6.cfg in sync
2015-07-15T19:14:51Z evo49 /confd[34]: DEBUG Using source template /templates/bird.cfg.template
2015-07-15T19:14:51Z evo49 /confd[34]: DEBUG Compiling source template /templates/bird.cfg.template
2015-07-15T19:14:51Z evo49 /confd[34]: DEBUG Comparing candidate config to /config/bird.cfg
2015-07-15T19:14:51Z evo49 /confd[34]: DEBUG Target config /config/bird.cfg in sync
2015-07-15T19:14:52Z evo49 /confd[34]: DEBUG Retrieving keys from store
2015-07-15T19:14:52Z evo49 /confd[34]: DEBUG Key prefix set to /calico/v1
2015-07-15T19:14:52Z evo49 /confd[34]: DEBUG Retrieving keys from store
2015-07-15T19:14:52Z evo49 /confd[34]: DEBUG Key prefix set to /calico/v1
2015-07-15T19:14:52Z evo49 /confd[34]: DEBUG Using source template /templates/bird.cfg.template
2015-07-15T19:14:52Z evo49 /confd[34]: DEBUG Compiling source template /templates/bird.cfg.template
2015-07-15T19:14:52Z evo49 /confd[34]: DEBUG Comparing candidate config to /config/bird.cfg
2015-07-15T19:14:52Z evo49 /confd[34]: DEBUG Target config /config/bird.cfg in sync
2015-07-15T19:14:52Z evo49 /confd[34]: DEBUG Using source template /templates/bird6.cfg.template
2015-07-15T19:14:52Z evo49 /confd[34]: DEBUG Compiling source template /templates/bird6.cfg.template
2015-07-15T19:14:52Z evo49 /confd[34]: DEBUG Comparing candidate config to /config/bird6.cfg
2015-07-15T19:14:52Z evo49 /confd[34]: DEBUG Target config /config/bird6.cfg in sync
2015-07-15T19:14:52Z evo49 /confd[34]: DEBUG Retrieving keys from store
2015-07-15T19:14:52Z evo49 /confd[34]: DEBUG Key prefix set to /calico/v1
2015-07-15T19:14:52Z evo49 /confd[34]: DEBUG Retrieving keys from store
2015-07-15T19:14:52Z evo49 /confd[34]: DEBUG Key prefix set to /calico/v1
2015-07-15T19:14:52Z evo49 /confd[34]: DEBUG Using source template /templates/bird6.cfg.template
2015-07-15T19:14:52Z evo49 /confd[34]: DEBUG Compiling source template /templates/bird6.cfg.template
2015-07-15T19:14:52Z evo49 /confd[34]: DEBUG Comparing candidate config to /config/bird6.cfg
2015-07-15T19:14:52Z evo49 /confd[34]: DEBUG Target config /config/bird6.cfg in sync
2015-07-15T19:14:52Z evo49 /confd[34]: DEBUG Using source template /templates/bird.cfg.template
2015-07-15T19:14:52Z evo49 /confd[34]: DEBUG Compiling source template /templates/bird.cfg.template
2015-07-15T19:14:52Z evo49 /confd[34]: DEBUG Comparing candidate config to /config/bird.cfg
2015-07-15T19:14:52Z evo49 /confd[34]: DEBUG Target config /config/bird.cfg in sync
2015-07-15T19:15:21Z evo49 /confd[34]: DEBUG Retrieving keys from store
2015-07-15T19:15:21Z evo49 /confd[34]: DEBUG Key prefix set to /calico/v1
2015-07-15T19:15:21Z evo49 /confd[34]: DEBUG Retrieving keys from store
2015-07-15T19:15:21Z evo49 /confd[34]: DEBUG Key prefix set to /calico/v1
2015-07-15T19:15:21Z evo49 /confd[34]: DEBUG Using source template /templates/bird.cfg.template
2015-07-15T19:15:21Z evo49 /confd[34]: DEBUG Compiling source template /templates/bird.cfg.template
2015-07-15T19:15:21Z evo49 /confd[34]: DEBUG Comparing candidate config to /config/bird.cfg
2015-07-15T19:15:21Z evo49 /confd[34]: DEBUG Target config /config/bird.cfg in sync
2015-07-15T19:15:21Z evo49 /confd[34]: DEBUG Using source template /templates/bird6.cfg.template
2015-07-15T19:15:21Z evo49 /confd[34]: DEBUG Compiling source template /templates/bird6.cfg.template
2015-07-15T19:15:21Z evo49 /confd[34]: DEBUG Comparing candidate config to /config/bird6.cfg
2015-07-15T19:15:21Z evo49 /confd[34]: DEBUG Target config /config/bird6.cfg in sync
2015-07-15T19:15:21Z evo49 /confd[34]: DEBUG Retrieving keys from store
2015-07-15T19:15:21Z evo49 /confd[34]: DEBUG Key prefix set to /calico/v1
2015-07-15T19:15:21Z evo49 /confd[34]: DEBUG Retrieving keys from store
2015-07-15T19:15:21Z evo49 /confd[34]: DEBUG Key prefix set to /calico/v1
2015-07-15T19:15:22Z evo49 /confd[34]: DEBUG Using source template /templates/bird.cfg.template
2015-07-15T19:15:22Z evo49 /confd[34]: DEBUG Compiling source template /templates/bird.cfg.template
2015-07-15T19:15:22Z evo49 /confd[34]: DEBUG Comparing candidate config to /config/bird.cfg
2015-07-15T19:15:22Z evo49 /confd[34]: INFO /config/bird.cfg has md5sum 8f4abc566447b0ff074e9d4f17c69073 should be b8cb3e060d55a5c28245f9357dcd5eb0
2015-07-15T19:15:22Z evo49 /confd[34]: INFO Target config /config/bird.cfg out of sync
2015-07-15T19:15:22Z evo49 /confd[34]: DEBUG Overwriting target config /config/bird.cfg
2015-07-15T19:15:22Z evo49 /confd[34]: DEBUG Running pkill -HUP bird || true
2015-07-15T19:15:22Z evo49 /confd[34]: DEBUG Using source template /templates/bird6.cfg.template
2015-07-15T19:15:22Z evo49 /confd[34]: DEBUG Compiling source template /templates/bird6.cfg.template
2015-07-15T19:15:22Z evo49 /confd[34]: DEBUG Comparing candidate config to /config/bird6.cfg
2015-07-15T19:15:22Z evo49 /confd[34]: DEBUG Target config /config/bird6.cfg in sync
2015-07-15T19:15:22Z evo49 /confd[34]: DEBUG ""
2015-07-15T19:15:22Z evo49 /confd[34]: INFO Target config /config/bird.cfg has been updated
2015-07-15T19:15:22Z evo49 /confd[34]: DEBUG Retrieving keys from store
2015-07-15T19:15:22Z evo49 /confd[34]: DEBUG Key prefix set to /calico/v1
2015-07-15T19:15:22Z evo49 /confd[34]: DEBUG Retrieving keys from store
2015-07-15T19:15:22Z evo49 /confd[34]: DEBUG Key prefix set to /calico/v1
2015-07-15T19:15:22Z evo49 /confd[34]: DEBUG Using source template /templates/bird.cfg.template
2015-07-15T19:15:22Z evo49 /confd[34]: DEBUG Compiling source template /templates/bird.cfg.template
2015-07-15T19:15:22Z evo49 /confd[34]: DEBUG Comparing candidate config to /config/bird.cfg
2015-07-15T19:15:22Z evo49 /confd[34]: DEBUG Target config /config/bird.cfg in sync
2015-07-15T19:15:22Z evo49 /confd[34]: DEBUG Using source template /templates/bird6.cfg.template
2015-07-15T19:15:22Z evo49 /confd[34]: DEBUG Compiling source template /templates/bird6.cfg.template
2015-07-15T19:15:22Z evo49 /confd[34]: DEBUG Comparing candidate config to /config/bird6.cfg
2015-07-15T19:15:22Z evo49 /confd[34]: DEBUG Target config /config/bird6.cfg in sync
2015-07-15T19:15:22Z evo49 /confd[34]: DEBUG Retrieving keys from store
2015-07-15T19:15:22Z evo49 /confd[34]: DEBUG Key prefix set to /calico/v1
2015-07-15T19:15:22Z evo49 /confd[34]: DEBUG Retrieving keys from store
2015-07-15T19:15:22Z evo49 /confd[34]: DEBUG Key prefix set to /calico/v1
2015-07-15T19:15:22Z evo49 /confd[34]: DEBUG Using source template /templates/bird6.cfg.template
2015-07-15T19:15:22Z evo49 /confd[34]: DEBUG Compiling source template /templates/bird6.cfg.template
2015-07-15T19:15:22Z evo49 /confd[34]: DEBUG Comparing candidate config to /config/bird6.cfg
2015-07-15T19:15:22Z evo49 /confd[34]: DEBUG Target config /config/bird6.cfg in sync
2015-07-15T19:15:22Z evo49 /confd[34]: DEBUG Using source template /templates/bird.cfg.template
2015-07-15T19:15:22Z evo49 /confd[34]: DEBUG Compiling source template /templates/bird.cfg.template
2015-07-15T19:15:22Z evo49 /confd[34]: DEBUG Comparing candidate config to /config/bird.cfg
2015-07-15T19:15:22Z evo49 /confd[34]: DEBUG Target config /config/bird.cfg in sync
2015-07-15T19:15:22Z evo49 /confd[34]: DEBUG Retrieving keys from store
2015-07-15T19:15:22Z evo49 /confd[34]: DEBUG Key prefix set to /calico/v1
2015-07-15T19:15:22Z evo49 /confd[34]: DEBUG Retrieving keys from store
2015-07-15T19:15:22Z evo49 /confd[34]: DEBUG Key prefix set to /calico/v1
2015-07-15T19:15:22Z evo49 /confd[34]: DEBUG Using source template /templates/bird.cfg.template
2015-07-15T19:15:22Z evo49 /confd[34]: DEBUG Compiling source template /templates/bird.cfg.template
2015-07-15T19:15:22Z evo49 /confd[34]: DEBUG Comparing candidate config to /config/bird.cfg
2015-07-15T19:15:22Z evo49 /confd[34]: DEBUG Target config /config/bird.cfg in sync
2015-07-15T19:15:22Z evo49 /confd[34]: DEBUG Using source template /templates/bird6.cfg.template
2015-07-15T19:15:22Z evo49 /confd[34]: DEBUG Compiling source template /templates/bird6.cfg.template
2015-07-15T19:15:22Z evo49 /confd[34]: DEBUG Comparing candidate config to /config/bird6.cfg
2015-07-15T19:15:22Z evo49 /confd[34]: DEBUG Target config /config/bird6.cfg in sync
2015-07-15T19:16:29Z evo49 /confd[34]: DEBUG Retrieving keys from store
2015-07-15T19:16:29Z evo49 /confd[34]: DEBUG Key prefix set to /calico/v1
2015-07-15T19:16:29Z evo49 /confd[34]: DEBUG Retrieving keys from store
2015-07-15T19:16:29Z evo49 /confd[34]: DEBUG Key prefix set to /calico/v1
2015-07-15T19:16:29Z evo49 /confd[34]: DEBUG Using source template /templates/bird6.cfg.template
2015-07-15T19:16:29Z evo49 /confd[34]: DEBUG Compiling source template /templates/bird6.cfg.template
2015-07-15T19:16:29Z evo49 /confd[34]: DEBUG Comparing candidate config to /config/bird6.cfg
2015-07-15T19:16:29Z evo49 /confd[34]: DEBUG Target config /config/bird6.cfg in sync
2015-07-15T19:16:29Z evo49 /confd[34]: DEBUG Using source template /templates/bird.cfg.template
2015-07-15T19:16:29Z evo49 /confd[34]: DEBUG Compiling source template /templates/bird.cfg.template
2015-07-15T19:16:29Z evo49 /confd[34]: DEBUG Comparing candidate config to /config/bird.cfg
2015-07-15T19:16:29Z evo49 /confd[34]: DEBUG Target config /config/bird.cfg in sync
2015-07-15T19:16:29Z evo49 /confd[34]: DEBUG Retrieving keys from store
2015-07-15T19:16:29Z evo49 /confd[34]: DEBUG Key prefix set to /calico/v1
2015-07-15T19:16:29Z evo49 /confd[34]: DEBUG Retrieving keys from store
2015-07-15T19:16:29Z evo49 /confd[34]: DEBUG Key prefix set to /calico/v1
2015-07-15T19:16:29Z evo49 /confd[34]: DEBUG Using source template /templates/bird.cfg.template
2015-07-15T19:16:29Z evo49 /confd[34]: DEBUG Compiling source template /templates/bird.cfg.template
2015-07-15T19:16:29Z evo49 /confd[34]: DEBUG Comparing candidate config to /config/bird.cfg
2015-07-15T19:16:29Z evo49 /confd[34]: DEBUG Target config /config/bird.cfg in sync
2015-07-15T19:16:29Z evo49 /confd[34]: DEBUG Using source template /templates/bird6.cfg.template
2015-07-15T19:16:29Z evo49 /confd[34]: DEBUG Compiling source template /templates/bird6.cfg.template
2015-07-15T19:16:29Z evo49 /confd[34]: DEBUG Comparing candidate config to /config/bird6.cfg
2015-07-15T19:16:29Z evo49 /confd[34]: DEBUG Target config /config/bird6.cfg in sync
2015-07-15T19:16:29Z evo49 /confd[34]: DEBUG Retrieving keys from store
2015-07-15T19:16:29Z evo49 /confd[34]: DEBUG Key prefix set to /calico/v1
2015-07-15T19:16:29Z evo49 /confd[34]: DEBUG Retrieving keys from store
2015-07-15T19:16:29Z evo49 /confd[34]: DEBUG Key prefix set to /calico/v1
2015-07-15T19:16:29Z evo49 /confd[34]: DEBUG Using source template /templates/bird6.cfg.template
2015-07-15T19:16:29Z evo49 /confd[34]: DEBUG Compiling source template /templates/bird6.cfg.template
2015-07-15T19:16:29Z evo49 /confd[34]: DEBUG Comparing candidate config to /config/bird6.cfg
2015-07-15T19:16:29Z evo49 /confd[34]: DEBUG Target config /config/bird6.cfg in sync
2015-07-15T19:16:29Z evo49 /confd[34]: DEBUG Using source template /templates/bird.cfg.template
2015-07-15T19:16:29Z evo49 /confd[34]: DEBUG Compiling source template /templates/bird.cfg.template
2015-07-15T19:16:29Z evo49 /confd[34]: DEBUG Comparing candidate config to /config/bird.cfg
2015-07-15T19:16:29Z evo49 /confd[34]: DEBUG Target config /config/bird.cfg in sync
2015-07-15T19:16:29Z evo49 /confd[34]: DEBUG Retrieving keys from store
2015-07-15T19:16:29Z evo49 /confd[34]: DEBUG Key prefix set to /calico/v1
2015-07-15T19:16:29Z evo49 /confd[34]: DEBUG Retrieving keys from store
2015-07-15T19:16:29Z evo49 /confd[34]: DEBUG Key prefix set to /calico/v1
2015-07-15T19:16:29Z evo49 /confd[34]: DEBUG Using source template /templates/bird.cfg.template
2015-07-15T19:16:29Z evo49 /confd[34]: DEBUG Compiling source template /templates/bird.cfg.template
2015-07-15T19:16:29Z evo49 /confd[34]: DEBUG Comparing candidate config to /config/bird.cfg
2015-07-15T19:16:29Z evo49 /confd[34]: DEBUG Target config /config/bird.cfg in sync
2015-07-15T19:16:29Z evo49 /confd[34]: DEBUG Using source template /templates/bird6.cfg.template
2015-07-15T19:16:29Z evo49 /confd[34]: DEBUG Compiling source template /templates/bird6.cfg.template
2015-07-15T19:16:29Z evo49 /confd[34]: DEBUG Comparing candidate config to /config/bird6.cfg
2015-07-15T19:16:29Z evo49 /confd[34]: DEBUG Target config /config/bird6.cfg in sync
2015-07-15T19:21:52Z evo49 /confd[34]: DEBUG Retrieving keys from store
2015-07-15T19:21:52Z evo49 /confd[34]: DEBUG Key prefix set to /calico/v1
2015-07-15T19:21:52Z evo49 /confd[34]: DEBUG Retrieving keys from store
2015-07-15T19:21:52Z evo49 /confd[34]: DEBUG Key prefix set to /calico/v1
2015-07-15T19:21:52Z evo49 /confd[34]: DEBUG Using source template /templates/bird6.cfg.template
2015-07-15T19:21:52Z evo49 /confd[34]: DEBUG Compiling source template /templates/bird6.cfg.template
2015-07-15T19:21:52Z evo49 /confd[34]: DEBUG Using source template /templates/bird.cfg.template
2015-07-15T19:21:52Z evo49 /confd[34]: DEBUG Compiling source template /templates/bird.cfg.template
2015-07-15T19:21:52Z evo49 /confd[34]: DEBUG Comparing candidate config to /config/bird6.cfg
2015-07-15T19:21:52Z evo49 /confd[34]: DEBUG Target config /config/bird6.cfg in sync
2015-07-15T19:21:52Z evo49 /confd[34]: DEBUG Comparing candidate config to /config/bird.cfg
2015-07-15T19:21:52Z evo49 /confd[34]: DEBUG Target config /config/bird.cfg in sync
2015-07-15T19:21:52Z evo49 /confd[34]: DEBUG Retrieving keys from store
2015-07-15T19:21:52Z evo49 /confd[34]: DEBUG Key prefix set to /calico/v1
2015-07-15T19:21:52Z evo49 /confd[34]: DEBUG Retrieving keys from store
2015-07-15T19:21:52Z evo49 /confd[34]: DEBUG Key prefix set to /calico/v1
2015-07-15T19:21:52Z evo49 /confd[34]: DEBUG Using source template /templates/bird6.cfg.template
2015-07-15T19:21:52Z evo49 /confd[34]: DEBUG Compiling source template /templates/bird6.cfg.template
2015-07-15T19:21:52Z evo49 /confd[34]: DEBUG Comparing candidate config to /config/bird6.cfg
2015-07-15T19:21:52Z evo49 /confd[34]: DEBUG Target config /config/bird6.cfg in sync
2015-07-15T19:21:52Z evo49 /confd[34]: DEBUG Using source template /templates/bird.cfg.template
2015-07-15T19:21:52Z evo49 /confd[34]: DEBUG Compiling source template /templates/bird.cfg.template
2015-07-15T19:21:52Z evo49 /confd[34]: DEBUG Comparing candidate config to /config/bird.cfg
2015-07-15T19:21:52Z evo49 /confd[34]: DEBUG Target config /config/bird.cfg in sync
2015-07-15T19:21:52Z evo49 /confd[34]: DEBUG Retrieving keys from store
2015-07-15T19:21:52Z evo49 /confd[34]: DEBUG Key prefix set to /calico/v1
2015-07-15T19:21:52Z evo49 /confd[34]: DEBUG Retrieving keys from store
2015-07-15T19:21:52Z evo49 /confd[34]: DEBUG Key prefix set to /calico/v1
2015-07-15T19:21:52Z evo49 /confd[34]: DEBUG Using source template /templates/bird.cfg.template
2015-07-15T19:21:52Z evo49 /confd[34]: DEBUG Compiling source template /templates/bird.cfg.template
2015-07-15T19:21:52Z evo49 /confd[34]: DEBUG Comparing candidate config to /config/bird.cfg
2015-07-15T19:21:52Z evo49 /confd[34]: DEBUG Target config /config/bird.cfg in sync
2015-07-15T19:21:52Z evo49 /confd[34]: DEBUG Using source template /templates/bird6.cfg.template
2015-07-15T19:21:52Z evo49 /confd[34]: DEBUG Compiling source template /templates/bird6.cfg.template
2015-07-15T19:21:52Z evo49 /confd[34]: DEBUG Comparing candidate config to /config/bird6.cfg
2015-07-15T19:21:52Z evo49 /confd[34]: DEBUG Target config /config/bird6.cfg in sync
2015-07-15T19:21:52Z evo49 /confd[34]: DEBUG Retrieving keys from store
2015-07-15T19:21:52Z evo49 /confd[34]: DEBUG Key prefix set to /calico/v1
2015-07-15T19:21:52Z evo49 /confd[34]: DEBUG Retrieving keys from store
2015-07-15T19:21:52Z evo49 /confd[34]: DEBUG Key prefix set to /calico/v1
2015-07-15T19:21:52Z evo49 /confd[34]: DEBUG Using source template /templates/bird.cfg.template
2015-07-15T19:21:52Z evo49 /confd[34]: DEBUG Compiling source template /templates/bird.cfg.template
2015-07-15T19:21:52Z evo49 /confd[34]: DEBUG Comparing candidate config to /config/bird.cfg
2015-07-15T19:21:52Z evo49 /confd[34]: DEBUG Target config /config/bird.cfg in sync
2015-07-15T19:21:52Z evo49 /confd[34]: DEBUG Using source template /templates/bird6.cfg.template
2015-07-15T19:21:52Z evo49 /confd[34]: DEBUG Compiling source template /templates/bird6.cfg.template
2015-07-15T19:21:52Z evo49 /confd[34]: DEBUG Comparing candidate config to /config/bird6.cfg
2015-07-15T19:21:52Z evo49 /confd[34]: DEBUG Target config /config/bird6.cfg in sync
2015-07-15T19:26:31Z evo49 /confd[34]: DEBUG Retrieving keys from store
2015-07-15T19:26:31Z evo49 /confd[34]: DEBUG Key prefix set to /calico/v1
2015-07-15T19:26:31Z evo49 /confd[34]: DEBUG Retrieving keys from store
2015-07-15T19:26:31Z evo49 /confd[34]: DEBUG Key prefix set to /calico/v1
2015-07-15T19:26:31Z evo49 /confd[34]: DEBUG Using source template /templates/bird.cfg.template
2015-07-15T19:26:31Z evo49 /confd[34]: DEBUG Compiling source template /templates/bird.cfg.template
2015-07-15T19:26:31Z evo49 /confd[34]: DEBUG Comparing candidate config to /config/bird.cfg
2015-07-15T19:26:31Z evo49 /confd[34]: DEBUG Target config /config/bird.cfg in sync
2015-07-15T19:26:31Z evo49 /confd[34]: DEBUG Using source template /templates/bird6.cfg.template
2015-07-15T19:26:31Z evo49 /confd[34]: DEBUG Compiling source template /templates/bird6.cfg.template
2015-07-15T19:26:31Z evo49 /confd[34]: DEBUG Comparing candidate config to /config/bird6.cfg
2015-07-15T19:26:31Z evo49 /confd[34]: DEBUG Target config /config/bird6.cfg in sync
2015-07-15T19:26:32Z evo49 /confd[34]: DEBUG Retrieving keys from store
2015-07-15T19:26:32Z evo49 /confd[34]: DEBUG Key prefix set to /calico/v1
2015-07-15T19:26:32Z evo49 /confd[34]: DEBUG Retrieving keys from store
2015-07-15T19:26:32Z evo49 /confd[34]: DEBUG Key prefix set to /calico/v1
2015-07-15T19:26:32Z evo49 /confd[34]: DEBUG Using source template /templates/bird6.cfg.template
2015-07-15T19:26:32Z evo49 /confd[34]: DEBUG Compiling source template /templates/bird6.cfg.template
2015-07-15T19:26:32Z evo49 /confd[34]: DEBUG Comparing candidate config to /config/bird6.cfg
2015-07-15T19:26:32Z evo49 /confd[34]: DEBUG Target config /config/bird6.cfg in sync
2015-07-15T19:26:32Z evo49 /confd[34]: DEBUG Using source template /templates/bird.cfg.template
2015-07-15T19:26:32Z evo49 /confd[34]: DEBUG Compiling source template /templates/bird.cfg.template
2015-07-15T19:26:32Z evo49 /confd[34]: DEBUG Comparing candidate config to /config/bird.cfg
2015-07-15T19:26:32Z evo49 /confd[34]: DEBUG Target config /config/bird.cfg in sync
2015-07-15T19:26:32Z evo49 /confd[34]: DEBUG Retrieving keys from store
2015-07-15T19:26:32Z evo49 /confd[34]: DEBUG Key prefix set to /calico/v1
2015-07-15T19:26:32Z evo49 /confd[34]: DEBUG Retrieving keys from store
2015-07-15T19:26:32Z evo49 /confd[34]: DEBUG Key prefix set to /calico/v1
2015-07-15T19:26:32Z evo49 /confd[34]: DEBUG Using source template /templates/bird6.cfg.template
2015-07-15T19:26:32Z evo49 /confd[34]: DEBUG Compiling source template /templates/bird6.cfg.template
2015-07-15T19:26:32Z evo49 /confd[34]: DEBUG Comparing candidate config to /config/bird6.cfg
2015-07-15T19:26:32Z evo49 /confd[34]: DEBUG Target config /config/bird6.cfg in sync
2015-07-15T19:26:32Z evo49 /confd[34]: DEBUG Using source template /templates/bird.cfg.template
2015-07-15T19:26:32Z evo49 /confd[34]: DEBUG Compiling source template /templates/bird.cfg.template
2015-07-15T19:26:32Z evo49 /confd[34]: DEBUG Comparing candidate config to /config/bird.cfg
2015-07-15T19:26:32Z evo49 /confd[34]: DEBUG Target config /config/bird.cfg in sync
2015-07-15T19:26:32Z evo49 /confd[34]: DEBUG Retrieving keys from store
2015-07-15T19:26:32Z evo49 /confd[34]: DEBUG Key prefix set to /calico/v1
2015-07-15T19:26:32Z evo49 /confd[34]: DEBUG Retrieving keys from store
2015-07-15T19:26:32Z evo49 /confd[34]: DEBUG Key prefix set to /calico/v1
2015-07-15T19:26:32Z evo49 /confd[34]: DEBUG Using source template /templates/bird.cfg.template
2015-07-15T19:26:32Z evo49 /confd[34]: DEBUG Compiling source template /templates/bird.cfg.template
2015-07-15T19:26:32Z evo49 /confd[34]: DEBUG Comparing candidate config to /config/bird.cfg
2015-07-15T19:26:32Z evo49 /confd[34]: DEBUG Target config /config/bird.cfg in sync
2015-07-15T19:26:32Z evo49 /confd[34]: DEBUG Using source template /templates/bird6.cfg.template
2015-07-15T19:26:32Z evo49 /confd[34]: DEBUG Compiling source template /templates/bird6.cfg.template
2015-07-15T19:26:32Z evo49 /confd[34]: DEBUG Comparing candidate config to /config/bird6.cfg
2015-07-15T19:26:32Z evo49 /confd[34]: DEBUG Target config /config/bird6.cfg in sync
2015-07-15T19:31:52Z evo49 /confd[34]: DEBUG Retrieving keys from store
2015-07-15T19:31:52Z evo49 /confd[34]: DEBUG Key prefix set to /calico/v1
2015-07-15T19:31:52Z evo49 /confd[34]: DEBUG Retrieving keys from store
2015-07-15T19:31:52Z evo49 /confd[34]: DEBUG Key prefix set to /calico/v1
2015-07-15T19:31:52Z evo49 /confd[34]: DEBUG Using source template /templates/bird6.cfg.template
2015-07-15T19:31:52Z evo49 /confd[34]: DEBUG Compiling source template /templates/bird6.cfg.template
2015-07-15T19:31:52Z evo49 /confd[34]: DEBUG Comparing candidate config to /config/bird6.cfg
2015-07-15T19:31:52Z evo49 /confd[34]: DEBUG Target config /config/bird6.cfg in sync
2015-07-15T19:31:52Z evo49 /confd[34]: DEBUG Using source template /templates/bird.cfg.template
2015-07-15T19:31:52Z evo49 /confd[34]: DEBUG Compiling source template /templates/bird.cfg.template
2015-07-15T19:31:52Z evo49 /confd[34]: DEBUG Comparing candidate config to /config/bird.cfg
2015-07-15T19:31:52Z evo49 /confd[34]: DEBUG Target config /config/bird.cfg in sync
2015-07-15T19:31:52Z evo49 /confd[34]: DEBUG Retrieving keys from store
2015-07-15T19:31:52Z evo49 /confd[34]: DEBUG Key prefix set to /calico/v1
2015-07-15T19:31:52Z evo49 /confd[34]: DEBUG Retrieving keys from store
2015-07-15T19:31:52Z evo49 /confd[34]: DEBUG Key prefix set to /calico/v1
2015-07-15T19:31:52Z evo49 /confd[34]: DEBUG Using source template /templates/bird6.cfg.template
2015-07-15T19:31:52Z evo49 /confd[34]: DEBUG Compiling source template /templates/bird6.cfg.template
2015-07-15T19:31:52Z evo49 /confd[34]: DEBUG Comparing candidate config to /config/bird6.cfg
2015-07-15T19:31:52Z evo49 /confd[34]: DEBUG Target config /config/bird6.cfg in sync
2015-07-15T19:31:52Z evo49 /confd[34]: DEBUG Using source template /templates/bird.cfg.template
2015-07-15T19:31:52Z evo49 /confd[34]: DEBUG Compiling source template /templates/bird.cfg.template
2015-07-15T19:31:52Z evo49 /confd[34]: DEBUG Comparing candidate config to /config/bird.cfg
2015-07-15T19:31:52Z evo49 /confd[34]: DEBUG Target config /config/bird.cfg in sync
2015-07-15T19:31:52Z evo49 /confd[34]: DEBUG Retrieving keys from store
2015-07-15T19:31:52Z evo49 /confd[34]: DEBUG Key prefix set to /calico/v1
2015-07-15T19:31:52Z evo49 /confd[34]: DEBUG Retrieving keys from store
2015-07-15T19:31:52Z evo49 /confd[34]: DEBUG Key prefix set to /calico/v1
2015-07-15T19:31:52Z evo49 /confd[34]: DEBUG Using source template /templates/bird6.cfg.template
2015-07-15T19:31:52Z evo49 /confd[34]: DEBUG Compiling source template /templates/bird6.cfg.template
2015-07-15T19:31:52Z evo49 /confd[34]: DEBUG Comparing candidate config to /config/bird6.cfg
2015-07-15T19:31:52Z evo49 /confd[34]: DEBUG Target config /config/bird6.cfg in sync
2015-07-15T19:31:52Z evo49 /confd[34]: DEBUG Using source template /templates/bird.cfg.template
2015-07-15T19:31:52Z evo49 /confd[34]: DEBUG Compiling source template /templates/bird.cfg.template
2015-07-15T19:31:52Z evo49 /confd[34]: DEBUG Comparing candidate config to /config/bird.cfg
2015-07-15T19:31:52Z evo49 /confd[34]: DEBUG Target config /config/bird.cfg in sync
2015-07-15T19:31:52Z evo49 /confd[34]: DEBUG Retrieving keys from store
2015-07-15T19:31:52Z evo49 /confd[34]: DEBUG Key prefix set to /calico/v1
2015-07-15T19:31:52Z evo49 /confd[34]: DEBUG Retrieving keys from store
2015-07-15T19:31:52Z evo49 /confd[34]: DEBUG Key prefix set to /calico/v1
2015-07-15T19:31:52Z evo49 /confd[34]: DEBUG Using source template /templates/bird6.cfg.template
2015-07-15T19:31:52Z evo49 /confd[34]: DEBUG Compiling source template /templates/bird6.cfg.template
2015-07-15T19:31:52Z evo49 /confd[34]: DEBUG Using source template /templates/bird.cfg.template
2015-07-15T19:31:52Z evo49 /confd[34]: DEBUG Compiling source template /templates/bird.cfg.template
2015-07-15T19:31:52Z evo49 /confd[34]: DEBUG Comparing candidate config to /config/bird6.cfg
2015-07-15T19:31:52Z evo49 /confd[34]: DEBUG Target config /config/bird6.cfg in sync
2015-07-15T19:31:52Z evo49 /confd[34]: DEBUG Comparing candidate config to /config/bird.cfg
2015-07-15T19:31:52Z evo49 /confd[34]: DEBUG Target config /config/bird.cfg in sync
2015-07-15T22:28:23Z evo49 /confd[34]: DEBUG Retrieving keys from store
2015-07-15T22:28:23Z evo49 /confd[34]: DEBUG Key prefix set to /calico/v1
2015-07-15T22:28:23Z evo49 /confd[34]: DEBUG Retrieving keys from store
2015-07-15T22:28:23Z evo49 /confd[34]: DEBUG Key prefix set to /calico/v1
2015-07-15T22:28:23Z evo49 /confd[34]: DEBUG Using source template /templates/bird6.cfg.template
2015-07-15T22:28:23Z evo49 /confd[34]: DEBUG Using source template /templates/bird.cfg.template
2015-07-15T22:28:23Z evo49 /confd[34]: DEBUG Compiling source template /templates/bird.cfg.template
2015-07-15T22:28:23Z evo49 /confd[34]: DEBUG Compiling source template /templates/bird6.cfg.template
2015-07-15T22:28:23Z evo49 /confd[34]: DEBUG Comparing candidate config to /config/bird.cfg
2015-07-15T22:28:23Z evo49 /confd[34]: DEBUG Target config /config/bird.cfg in sync
2015-07-15T22:28:23Z evo49 /confd[34]: DEBUG Comparing candidate config to /config/bird6.cfg
2015-07-15T22:28:23Z evo49 /confd[34]: DEBUG Target config /config/bird6.cfg in sync
2015-07-15T22:28:23Z evo49 /confd[34]: DEBUG Retrieving keys from store
2015-07-15T22:28:23Z evo49 /confd[34]: DEBUG Key prefix set to /calico/v1
2015-07-15T22:28:23Z evo49 /confd[34]: DEBUG Retrieving keys from store
2015-07-15T22:28:23Z evo49 /confd[34]: DEBUG Key prefix set to /calico/v1
2015-07-15T22:28:23Z evo49 /confd[34]: DEBUG Using source template /templates/bird6.cfg.template
2015-07-15T22:28:23Z evo49 /confd[34]: DEBUG Compiling source template /templates/bird6.cfg.template
2015-07-15T22:28:23Z evo49 /confd[34]: DEBUG Comparing candidate config to /config/bird6.cfg
2015-07-15T22:28:23Z evo49 /confd[34]: DEBUG Target config /config/bird6.cfg in sync
2015-07-15T22:28:23Z evo49 /confd[34]: DEBUG Using source template /templates/bird.cfg.template
2015-07-15T22:28:23Z evo49 /confd[34]: DEBUG Compiling source template /templates/bird.cfg.template
2015-07-15T22:28:23Z evo49 /confd[34]: DEBUG Comparing candidate config to /config/bird.cfg
2015-07-15T22:28:23Z evo49 /confd[34]: DEBUG Target config /config/bird.cfg in sync
2015-07-15T22:28:23Z evo49 /confd[34]: DEBUG Retrieving keys from store
2015-07-15T22:28:23Z evo49 /confd[34]: DEBUG Key prefix set to /calico/v1
2015-07-15T22:28:23Z evo49 /confd[34]: DEBUG Retrieving keys from store
2015-07-15T22:28:23Z evo49 /confd[34]: DEBUG Key prefix set to /calico/v1
2015-07-15T22:28:23Z evo49 /confd[34]: DEBUG Using source template /templates/bird.cfg.template
2015-07-15T22:28:23Z evo49 /confd[34]: DEBUG Compiling source template /templates/bird.cfg.template
2015-07-15T22:28:23Z evo49 /confd[34]: DEBUG Comparing candidate config to /config/bird.cfg
2015-07-15T22:28:23Z evo49 /confd[34]: DEBUG Target config /config/bird.cfg in sync
2015-07-15T22:28:23Z evo49 /confd[34]: DEBUG Using source template /templates/bird6.cfg.template
2015-07-15T22:28:23Z evo49 /confd[34]: DEBUG Compiling source template /templates/bird6.cfg.template
2015-07-15T22:28:23Z evo49 /confd[34]: DEBUG Comparing candidate config to /config/bird6.cfg
2015-07-15T22:28:23Z evo49 /confd[34]: DEBUG Target config /config/bird6.cfg in sync
2015-07-15T22:28:23Z evo49 /confd[34]: DEBUG Retrieving keys from store
2015-07-15T22:28:23Z evo49 /confd[34]: DEBUG Key prefix set to /calico/v1
2015-07-15T22:28:23Z evo49 /confd[34]: DEBUG Retrieving keys from store
2015-07-15T22:28:23Z evo49 /confd[34]: DEBUG Key prefix set to /calico/v1
2015-07-15T22:28:24Z evo49 /confd[34]: DEBUG Using source template /templates/bird6.cfg.template
2015-07-15T22:28:24Z evo49 /confd[34]: DEBUG Compiling source template /templates/bird6.cfg.template
2015-07-15T22:28:24Z evo49 /confd[34]: DEBUG Comparing candidate config to /config/bird6.cfg
2015-07-15T22:28:24Z evo49 /confd[34]: DEBUG Target config /config/bird6.cfg in sync
2015-07-15T22:28:24Z evo49 /confd[34]: DEBUG Using source template /templates/bird.cfg.template
2015-07-15T22:28:24Z evo49 /confd[34]: DEBUG Compiling source template /templates/bird.cfg.template
2015-07-15T22:28:24Z evo49 /confd[34]: DEBUG Comparing candidate config to /config/bird.cfg
2015-07-15T22:28:24Z evo49 /confd[34]: DEBUG Target config /config/bird.cfg in sync
2015-07-15T22:28:24Z evo49 /confd[34]: DEBUG Retrieving keys from store
2015-07-15T22:28:24Z evo49 /confd[34]: DEBUG Key prefix set to /calico/v1
2015-07-15T22:28:24Z evo49 /confd[34]: DEBUG Retrieving keys from store
2015-07-15T22:28:24Z evo49 /confd[34]: DEBUG Key prefix set to /calico/v1
2015-07-15T22:28:24Z evo49 /confd[34]: DEBUG Using source template /templates/bird6.cfg.template
2015-07-15T22:28:24Z evo49 /confd[34]: DEBUG Compiling source template /templates/bird6.cfg.template
2015-07-15T22:28:24Z evo49 /confd[34]: DEBUG Comparing candidate config to /config/bird6.cfg
2015-07-15T22:28:24Z evo49 /confd[34]: DEBUG Target config /config/bird6.cfg in sync
2015-07-15T22:28:24Z evo49 /confd[34]: DEBUG Using source template /templates/bird.cfg.template
2015-07-15T22:28:24Z evo49 /confd[34]: DEBUG Compiling source template /templates/bird.cfg.template
2015-07-15T22:28:24Z evo49 /confd[34]: DEBUG Comparing candidate config to /config/bird.cfg
2015-07-15T22:28:24Z evo49 /confd[34]: DEBUG Target config /config/bird.cfg in sync
2015-07-15T22:29:07Z evo49 /confd[34]: DEBUG Retrieving keys from store
2015-07-15T22:29:07Z evo49 /confd[34]: DEBUG Key prefix set to /calico/v1
2015-07-15T22:29:07Z evo49 /confd[34]: DEBUG Retrieving keys from store
2015-07-15T22:29:07Z evo49 /confd[34]: DEBUG Key prefix set to /calico/v1
2015-07-15T22:29:07Z evo49 /confd[34]: DEBUG Using source template /templates/bird6.cfg.template
2015-07-15T22:29:07Z evo49 /confd[34]: DEBUG Compiling source template /templates/bird6.cfg.template
2015-07-15T22:29:07Z evo49 /confd[34]: DEBUG Comparing candidate config to /config/bird6.cfg
2015-07-15T22:29:07Z evo49 /confd[34]: DEBUG Target config /config/bird6.cfg in sync
2015-07-15T22:29:07Z evo49 /confd[34]: DEBUG Using source template /templates/bird.cfg.template
2015-07-15T22:29:07Z evo49 /confd[34]: DEBUG Compiling source template /templates/bird.cfg.template
2015-07-15T22:29:07Z evo49 /confd[34]: DEBUG Comparing candidate config to /config/bird.cfg
2015-07-15T22:29:07Z evo49 /confd[34]: DEBUG Target config /config/bird.cfg in sync
2015-07-15T22:33:04Z evo49 /confd[34]: DEBUG Retrieving keys from store
2015-07-15T22:33:04Z evo49 /confd[34]: DEBUG Key prefix set to /calico/v1
2015-07-15T22:33:04Z evo49 /confd[34]: DEBUG Retrieving keys from store
2015-07-15T22:33:04Z evo49 /confd[34]: DEBUG Key prefix set to /calico/v1
2015-07-15T22:33:04Z evo49 /confd[34]: DEBUG Using source template /templates/bird6.cfg.template
2015-07-15T22:33:04Z evo49 /confd[34]: DEBUG Compiling source template /templates/bird6.cfg.template
2015-07-15T22:33:04Z evo49 /confd[34]: DEBUG Comparing candidate config to /config/bird6.cfg
2015-07-15T22:33:04Z evo49 /confd[34]: DEBUG Target config /config/bird6.cfg in sync
2015-07-15T22:33:04Z evo49 /confd[34]: DEBUG Using source template /templates/bird.cfg.template
2015-07-15T22:33:04Z evo49 /confd[34]: DEBUG Compiling source template /templates/bird.cfg.template
2015-07-15T22:33:04Z evo49 /confd[34]: DEBUG Comparing candidate config to /config/bird.cfg
2015-07-15T22:33:04Z evo49 /confd[34]: INFO /config/bird.cfg has md5sum b8cb3e060d55a5c28245f9357dcd5eb0 should be 8dabb6acdfa753c36d73d88d253076c4
2015-07-15T22:33:04Z evo49 /confd[34]: INFO Target config /config/bird.cfg out of sync
2015-07-15T22:33:04Z evo49 /confd[34]: DEBUG Overwriting target config /config/bird.cfg
2015-07-15T22:33:04Z evo49 /confd[34]: DEBUG Running pkill -HUP bird || true
2015-07-15T22:33:04Z evo49 /confd[34]: DEBUG ""
2015-07-15T22:33:04Z evo49 /confd[34]: INFO Target config /config/bird.cfg has been updated
2015-07-15T22:34:19Z evo49 /confd[34]: DEBUG Retrieving keys from store
2015-07-15T22:34:19Z evo49 /confd[34]: DEBUG Key prefix set to /calico/v1
2015-07-15T22:34:19Z evo49 /confd[34]: DEBUG Retrieving keys from store
2015-07-15T22:34:19Z evo49 /confd[34]: DEBUG Key prefix set to /calico/v1
2015-07-15T22:34:19Z evo49 /confd[34]: DEBUG Using source template /templates/bird.cfg.template
2015-07-15T22:34:19Z evo49 /confd[34]: DEBUG Compiling source template /templates/bird.cfg.template
2015-07-15T22:34:19Z evo49 /confd[34]: DEBUG Comparing candidate config to /config/bird.cfg
2015-07-15T22:34:19Z evo49 /confd[34]: DEBUG Target config /config/bird.cfg in sync
2015-07-15T22:34:19Z evo49 /confd[34]: DEBUG Using source template /templates/bird6.cfg.template
2015-07-15T22:34:19Z evo49 /confd[34]: DEBUG Compiling source template /templates/bird6.cfg.template
2015-07-15T22:34:19Z evo49 /confd[34]: DEBUG Comparing candidate config to /config/bird6.cfg
2015-07-15T22:34:19Z evo49 /confd[34]: DEBUG Target config /config/bird6.cfg in sync
2015-07-15T22:34:19Z evo49 /confd[34]: DEBUG Retrieving keys from store
2015-07-15T22:34:19Z evo49 /confd[34]: DEBUG Key prefix set to /calico/v1
2015-07-15T22:34:19Z evo49 /confd[34]: DEBUG Retrieving keys from store
2015-07-15T22:34:19Z evo49 /confd[34]: DEBUG Key prefix set to /calico/v1
2015-07-15T22:34:19Z evo49 /confd[34]: DEBUG Using source template /templates/bird.cfg.template
2015-07-15T22:34:19Z evo49 /confd[34]: DEBUG Compiling source template /templates/bird.cfg.template
2015-07-15T22:34:19Z evo49 /confd[34]: DEBUG Comparing candidate config to /config/bird.cfg
2015-07-15T22:34:19Z evo49 /confd[34]: DEBUG Target config /config/bird.cfg in sync
2015-07-15T22:34:19Z evo49 /confd[34]: DEBUG Using source template /templates/bird6.cfg.template
2015-07-15T22:34:19Z evo49 /confd[34]: DEBUG Compiling source template /templates/bird6.cfg.template
2015-07-15T22:34:19Z evo49 /confd[34]: DEBUG Comparing candidate config to /config/bird6.cfg
2015-07-15T22:34:19Z evo49 /confd[34]: DEBUG Target config /config/bird6.cfg in sync
2015-07-15T22:47:23Z evo49 /confd[34]: DEBUG Retrieving keys from store
2015-07-15T22:47:23Z evo49 /confd[34]: DEBUG Key prefix set to /calico/v1
2015-07-15T22:47:23Z evo49 /confd[34]: DEBUG Retrieving keys from store
2015-07-15T22:47:23Z evo49 /confd[34]: DEBUG Key prefix set to /calico/v1
2015-07-15T22:47:23Z evo49 /confd[34]: DEBUG Using source template /templates/bird.cfg.template
2015-07-15T22:47:23Z evo49 /confd[34]: DEBUG Compiling source template /templates/bird.cfg.template
2015-07-15T22:47:23Z evo49 /confd[34]: DEBUG Comparing candidate config to /config/bird.cfg
2015-07-15T22:47:23Z evo49 /confd[34]: DEBUG Target config /config/bird.cfg in sync
2015-07-15T22:47:23Z evo49 /confd[34]: DEBUG Using source template /templates/bird6.cfg.template
2015-07-15T22:47:23Z evo49 /confd[34]: DEBUG Compiling source template /templates/bird6.cfg.template
2015-07-15T22:47:23Z evo49 /confd[34]: DEBUG Comparing candidate config to /config/bird6.cfg
2015-07-15T22:47:23Z evo49 /confd[34]: DEBUG Target config /config/bird6.cfg in sync
2015-07-15T22:48:03Z evo49 /confd[34]: DEBUG Retrieving keys from store
2015-07-15T22:48:03Z evo49 /confd[34]: DEBUG Key prefix set to /calico/v1
2015-07-15T22:48:03Z evo49 /confd[34]: DEBUG Retrieving keys from store
2015-07-15T22:48:03Z evo49 /confd[34]: DEBUG Key prefix set to /calico/v1
2015-07-15T22:48:03Z evo49 /confd[34]: DEBUG Using source template /templates/bird.cfg.template
2015-07-15T22:48:03Z evo49 /confd[34]: DEBUG Compiling source template /templates/bird.cfg.template
2015-07-15T22:48:03Z evo49 /confd[34]: DEBUG Comparing candidate config to /config/bird.cfg
2015-07-15T22:48:03Z evo49 /confd[34]: DEBUG Target config /config/bird.cfg in sync
2015-07-15T22:48:03Z evo49 /confd[34]: DEBUG Using source template /templates/bird6.cfg.template
2015-07-15T22:48:03Z evo49 /confd[34]: DEBUG Compiling source template /templates/bird6.cfg.template
2015-07-15T22:48:03Z evo49 /confd[34]: DEBUG Comparing candidate config to /config/bird6.cfg
2015-07-15T22:48:03Z evo49 /confd[34]: DEBUG Target config /config/bird6.cfg in sync
2015-07-15T22:49:20Z evo49 /confd[34]: DEBUG Retrieving keys from store
2015-07-15T22:49:20Z evo49 /confd[34]: DEBUG Key prefix set to /calico/v1
2015-07-15T22:49:20Z evo49 /confd[34]: DEBUG Retrieving keys from store
2015-07-15T22:49:20Z evo49 /confd[34]: DEBUG Key prefix set to /calico/v1
2015-07-15T22:49:20Z evo49 /confd[34]: DEBUG Using source template /templates/bird.cfg.template
2015-07-15T22:49:20Z evo49 /confd[34]: DEBUG Compiling source template /templates/bird.cfg.template
2015-07-15T22:49:20Z evo49 /confd[34]: DEBUG Comparing candidate config to /config/bird.cfg
2015-07-15T22:49:20Z evo49 /confd[34]: DEBUG Target config /config/bird.cfg in sync
2015-07-15T22:49:20Z evo49 /confd[34]: DEBUG Using source template /templates/bird6.cfg.template
2015-07-15T22:49:20Z evo49 /confd[34]: DEBUG Compiling source template /templates/bird6.cfg.template
2015-07-15T22:49:20Z evo49 /confd[34]: DEBUG Comparing candidate config to /config/bird6.cfg
2015-07-15T22:49:20Z evo49 /confd[34]: DEBUG Target config /config/bird6.cfg in sync
2015-07-15T22:55:32Z evo49 /confd[34]: INFO Captured terminated. Exiting...
2015-07-15T23:06:09Z evo49 /confd[36]: INFO Backend set to etcd
2015-07-15T23:06:09Z evo49 /confd[36]: INFO Starting confd
2015-07-15T23:06:09Z evo49 /confd[36]: INFO Backend nodes set to 45.55.12.109:2379
2015-07-15T23:06:09Z evo49 /confd[36]: DEBUG Loading template resources from confdir /
2015-07-15T23:06:09Z evo49 /confd[36]: DEBUG Loading template resource from /conf.d/bird.toml
2015-07-15T23:06:09Z evo49 /confd[36]: DEBUG Loading template resource from /conf.d/bird6.toml
2015-07-15T23:06:09Z evo49 /confd[36]: DEBUG Loading template resource from /conf.d/felix.toml
2015-07-15T23:06:09Z evo49 /confd[36]: DEBUG Retrieving keys from store
2015-07-15T23:06:09Z evo49 /confd[36]: DEBUG Key prefix set to /calico/v1
2015-07-15T23:06:09Z evo49 /confd[36]: DEBUG Retrieving keys from store
2015-07-15T23:06:09Z evo49 /confd[36]: DEBUG Key prefix set to /calico/v1/config
2015-07-15T23:06:09Z evo49 /confd[36]: DEBUG Using source template /templates/felix.cfg.template
2015-07-15T23:06:09Z evo49 /confd[36]: DEBUG Compiling source template /templates/felix.cfg.template
2015-07-15T23:06:09Z evo49 /confd[36]: DEBUG Comparing candidate config to /etc/calico/felix.cfg
2015-07-15T23:06:09Z evo49 /confd[36]: DEBUG Target config /etc/calico/felix.cfg in sync
2015-07-15T23:06:09Z evo49 /confd[36]: DEBUG Retrieving keys from store
2015-07-15T23:06:09Z evo49 /confd[36]: DEBUG Key prefix set to /calico/v1
2015-07-15T23:06:09Z evo49 /confd[36]: DEBUG Using source template /templates/bird6.cfg.template
2015-07-15T23:06:09Z evo49 /confd[36]: DEBUG Compiling source template /templates/bird6.cfg.template
2015-07-15T23:06:09Z evo49 /confd[36]: DEBUG Comparing candidate config to /config/bird6.cfg
2015-07-15T23:06:09Z evo49 /confd[36]: DEBUG Target config /config/bird6.cfg in sync
2015-07-15T23:06:09Z evo49 /confd[36]: DEBUG Using source template /templates/bird.cfg.template
2015-07-15T23:06:09Z evo49 /confd[36]: DEBUG Compiling source template /templates/bird.cfg.template
2015-07-15T23:06:09Z evo49 /confd[36]: DEBUG Comparing candidate config to /config/bird.cfg
2015-07-15T23:06:09Z evo49 /confd[36]: DEBUG Target config /config/bird.cfg in sync
2015-07-15T23:07:13Z evo49 /confd[36]: DEBUG Retrieving keys from store
2015-07-15T23:07:13Z evo49 /confd[36]: DEBUG Key prefix set to /calico/v1
2015-07-15T23:07:13Z evo49 /confd[36]: DEBUG Retrieving keys from store
2015-07-15T23:07:13Z evo49 /confd[36]: DEBUG Key prefix set to /calico/v1
2015-07-15T23:07:13Z evo49 /confd[36]: DEBUG Using source template /templates/bird.cfg.template
2015-07-15T23:07:13Z evo49 /confd[36]: DEBUG Compiling source template /templates/bird.cfg.template
2015-07-15T23:07:13Z evo49 /confd[36]: DEBUG Using source template /templates/bird6.cfg.template
2015-07-15T23:07:13Z evo49 /confd[36]: DEBUG Compiling source template /templates/bird6.cfg.template
2015-07-15T23:07:13Z evo49 /confd[36]: DEBUG Comparing candidate config to /config/bird6.cfg
2015-07-15T23:07:13Z evo49 /confd[36]: DEBUG Target config /config/bird6.cfg in sync
2015-07-15T23:07:13Z evo49 /confd[36]: DEBUG Comparing candidate config to /config/bird.cfg
2015-07-15T23:07:13Z evo49 /confd[36]: DEBUG Target config /config/bird.cfg in sync
2015-07-15T23:07:13Z evo49 /confd[36]: DEBUG Retrieving keys from store
2015-07-15T23:07:13Z evo49 /confd[36]: DEBUG Key prefix set to /calico/v1
2015-07-15T23:07:13Z evo49 /confd[36]: DEBUG Retrieving keys from store
2015-07-15T23:07:13Z evo49 /confd[36]: DEBUG Key prefix set to /calico/v1
2015-07-15T23:07:13Z evo49 /confd[36]: DEBUG Using source template /templates/bird.cfg.template
2015-07-15T23:07:13Z evo49 /confd[36]: DEBUG Compiling source template /templates/bird.cfg.template
2015-07-15T23:07:13Z evo49 /confd[36]: DEBUG Comparing candidate config to /config/bird.cfg
2015-07-15T23:07:13Z evo49 /confd[36]: DEBUG Target config /config/bird.cfg in sync
2015-07-15T23:07:13Z evo49 /confd[36]: DEBUG Using source template /templates/bird6.cfg.template
2015-07-15T23:07:13Z evo49 /confd[36]: DEBUG Compiling source template /templates/bird6.cfg.template
2015-07-15T23:07:13Z evo49 /confd[36]: DEBUG Comparing candidate config to /config/bird6.cfg
2015-07-15T23:07:13Z evo49 /confd[36]: DEBUG Target config /config/bird6.cfg in sync
2015-07-15T23:09:49Z evo49 /confd[36]: INFO Captured terminated. Exiting...
2015-07-15T23:10:35Z evo49 /confd[39]: INFO Backend set to etcd
2015-07-15T23:10:35Z evo49 /confd[39]: INFO Starting confd
2015-07-15T23:10:35Z evo49 /confd[39]: INFO Backend nodes set to 45.55.12.109:2379
2015-07-15T23:10:35Z evo49 /confd[39]: DEBUG Loading template resources from confdir /
2015-07-15T23:10:35Z evo49 /confd[39]: DEBUG Loading template resource from /conf.d/bird.toml
2015-07-15T23:10:35Z evo49 /confd[39]: DEBUG Loading template resource from /conf.d/bird6.toml
2015-07-15T23:10:35Z evo49 /confd[39]: DEBUG Loading template resource from /conf.d/felix.toml
2015-07-15T23:10:35Z evo49 /confd[39]: DEBUG Retrieving keys from store
2015-07-15T23:10:35Z evo49 /confd[39]: DEBUG Key prefix set to /calico/v1/config
2015-07-15T23:10:35Z evo49 /confd[39]: DEBUG Using source template /templates/felix.cfg.template
2015-07-15T23:10:35Z evo49 /confd[39]: DEBUG Compiling source template /templates/felix.cfg.template
2015-07-15T23:10:35Z evo49 /confd[39]: DEBUG Comparing candidate config to /etc/calico/felix.cfg
2015-07-15T23:10:35Z evo49 /confd[39]: DEBUG Target config /etc/calico/felix.cfg in sync
2015-07-15T23:10:35Z evo49 /confd[39]: DEBUG Retrieving keys from store
2015-07-15T23:10:35Z evo49 /confd[39]: DEBUG Key prefix set to /calico/v1
2015-07-15T23:10:35Z evo49 /confd[39]: DEBUG Retrieving keys from store
2015-07-15T23:10:35Z evo49 /confd[39]: DEBUG Key prefix set to /calico/v1
2015-07-15T23:10:35Z evo49 /confd[39]: DEBUG Using source template /templates/bird6.cfg.template
2015-07-15T23:10:35Z evo49 /confd[39]: DEBUG Compiling source template /templates/bird6.cfg.template
2015-07-15T23:10:35Z evo49 /confd[39]: DEBUG Using source template /templates/bird.cfg.template
2015-07-15T23:10:35Z evo49 /confd[39]: DEBUG Compiling source template /templates/bird.cfg.template
2015-07-15T23:10:35Z evo49 /confd[39]: DEBUG Comparing candidate config to /config/bird6.cfg
2015-07-15T23:10:35Z evo49 /confd[39]: DEBUG Target config /config/bird6.cfg in sync
2015-07-15T23:10:35Z evo49 /confd[39]: DEBUG Comparing candidate config to /config/bird.cfg
2015-07-15T23:10:35Z evo49 /confd[39]: DEBUG Target config /config/bird.cfg in sync
2015-07-15T23:13:36Z evo49 /confd[39]: DEBUG Retrieving keys from store
2015-07-15T23:13:36Z evo49 /confd[39]: DEBUG Key prefix set to /calico/v1
2015-07-15T23:13:36Z evo49 /confd[39]: DEBUG Retrieving keys from store
2015-07-15T23:13:36Z evo49 /confd[39]: DEBUG Key prefix set to /calico/v1
2015-07-15T23:13:36Z evo49 /confd[39]: DEBUG Using source template /templates/bird.cfg.template
2015-07-15T23:13:36Z evo49 /confd[39]: DEBUG Compiling source template /templates/bird.cfg.template
2015-07-15T23:13:36Z evo49 /confd[39]: DEBUG Comparing candidate config to /config/bird.cfg
2015-07-15T23:13:36Z evo49 /confd[39]: DEBUG Target config /config/bird.cfg in sync
2015-07-15T23:13:36Z evo49 /confd[39]: DEBUG Using source template /templates/bird6.cfg.template
2015-07-15T23:13:36Z evo49 /confd[39]: DEBUG Compiling source template /templates/bird6.cfg.template
2015-07-15T23:13:36Z evo49 /confd[39]: DEBUG Comparing candidate config to /config/bird6.cfg
2015-07-15T23:13:36Z evo49 /confd[39]: DEBUG Target config /config/bird6.cfg in sync
2015-07-15T23:13:36Z evo49 /confd[39]: DEBUG Retrieving keys from store
2015-07-15T23:13:36Z evo49 /confd[39]: DEBUG Key prefix set to /calico/v1
2015-07-15T23:13:36Z evo49 /confd[39]: DEBUG Retrieving keys from store
2015-07-15T23:13:36Z evo49 /confd[39]: DEBUG Key prefix set to /calico/v1
2015-07-15T23:13:36Z evo49 /confd[39]: DEBUG Using source template /templates/bird.cfg.template
2015-07-15T23:13:36Z evo49 /confd[39]: DEBUG Compiling source template /templates/bird.cfg.template
2015-07-15T23:13:36Z evo49 /confd[39]: DEBUG Comparing candidate config to /config/bird.cfg
2015-07-15T23:13:36Z evo49 /confd[39]: INFO /config/bird.cfg has md5sum 8dabb6acdfa753c36d73d88d253076c4 should be 64bc2de3b7b43ef0e95aeebfcd86d294
2015-07-15T23:13:36Z evo49 /confd[39]: INFO Target config /config/bird.cfg out of sync
2015-07-15T23:13:36Z evo49 /confd[39]: DEBUG Overwriting target config /config/bird.cfg
2015-07-15T23:13:36Z evo49 /confd[39]: DEBUG Running pkill -HUP bird || true
2015-07-15T23:13:36Z evo49 /confd[39]: DEBUG Using source template /templates/bird6.cfg.template
2015-07-15T23:13:36Z evo49 /confd[39]: DEBUG Compiling source template /templates/bird6.cfg.template
2015-07-15T23:13:36Z evo49 /confd[39]: DEBUG Comparing candidate config to /config/bird6.cfg
2015-07-15T23:13:36Z evo49 /confd[39]: DEBUG Target config /config/bird6.cfg in sync
2015-07-15T23:13:36Z evo49 /confd[39]: DEBUG ""
2015-07-15T23:13:36Z evo49 /confd[39]: INFO Target config /config/bird.cfg has been updated
2015-07-15T23:13:37Z evo49 /confd[39]: DEBUG Retrieving keys from store
2015-07-15T23:13:37Z evo49 /confd[39]: DEBUG Key prefix set to /calico/v1
2015-07-15T23:13:37Z evo49 /confd[39]: DEBUG Retrieving keys from store
2015-07-15T23:13:37Z evo49 /confd[39]: DEBUG Key prefix set to /calico/v1
2015-07-15T23:13:37Z evo49 /confd[39]: DEBUG Using source template /templates/bird.cfg.template
2015-07-15T23:13:37Z evo49 /confd[39]: DEBUG Compiling source template /templates/bird.cfg.template
2015-07-15T23:13:37Z evo49 /confd[39]: DEBUG Comparing candidate config to /config/bird.cfg
2015-07-15T23:13:37Z evo49 /confd[39]: DEBUG Target config /config/bird.cfg in sync
2015-07-15T23:13:37Z evo49 /confd[39]: DEBUG Using source template /templates/bird6.cfg.template
2015-07-15T23:13:37Z evo49 /confd[39]: DEBUG Compiling source template /templates/bird6.cfg.template
2015-07-15T23:13:37Z evo49 /confd[39]: DEBUG Comparing candidate config to /config/bird6.cfg
2015-07-15T23:13:37Z evo49 /confd[39]: DEBUG Target config /config/bird6.cfg in sync
2015-07-15T23:13:37Z evo49 /confd[39]: DEBUG Retrieving keys from store
2015-07-15T23:13:37Z evo49 /confd[39]: DEBUG Key prefix set to /calico/v1
2015-07-15T23:13:37Z evo49 /confd[39]: DEBUG Retrieving keys from store
2015-07-15T23:13:37Z evo49 /confd[39]: DEBUG Key prefix set to /calico/v1
2015-07-15T23:13:37Z evo49 /confd[39]: DEBUG Using source template /templates/bird.cfg.template
2015-07-15T23:13:37Z evo49 /confd[39]: DEBUG Compiling source template /templates/bird.cfg.template
2015-07-15T23:13:37Z evo49 /confd[39]: DEBUG Comparing candidate config to /config/bird.cfg
2015-07-15T23:13:37Z evo49 /confd[39]: DEBUG Target config /config/bird.cfg in sync
2015-07-15T23:13:37Z evo49 /confd[39]: DEBUG Using source template /templates/bird6.cfg.template
2015-07-15T23:13:37Z evo49 /confd[39]: DEBUG Compiling source template /templates/bird6.cfg.template
2015-07-15T23:13:37Z evo49 /confd[39]: DEBUG Comparing candidate config to /config/bird6.cfg
2015-07-15T23:13:37Z evo49 /confd[39]: DEBUG Target config /config/bird6.cfg in sync
2015-07-15T23:13:37Z evo49 /confd[39]: DEBUG Retrieving keys from store
2015-07-15T23:13:37Z evo49 /confd[39]: DEBUG Key prefix set to /calico/v1
2015-07-15T23:13:37Z evo49 /confd[39]: DEBUG Retrieving keys from store
2015-07-15T23:13:37Z evo49 /confd[39]: DEBUG Key prefix set to /calico/v1
2015-07-15T23:13:37Z evo49 /confd[39]: DEBUG Using source template /templates/bird.cfg.template
2015-07-15T23:13:37Z evo49 /confd[39]: DEBUG Compiling source template /templates/bird.cfg.template
2015-07-15T23:13:37Z evo49 /confd[39]: DEBUG Comparing candidate config to /config/bird.cfg
2015-07-15T23:13:37Z evo49 /confd[39]: DEBUG Target config /config/bird.cfg in sync
2015-07-15T23:13:37Z evo49 /confd[39]: DEBUG Using source template /templates/bird6.cfg.template
2015-07-15T23:13:37Z evo49 /confd[39]: DEBUG Compiling source template /templates/bird6.cfg.template
2015-07-15T23:13:37Z evo49 /confd[39]: DEBUG Comparing candidate config to /config/bird6.cfg
2015-07-15T23:13:37Z evo49 /confd[39]: DEBUG Target config /config/bird6.cfg in sync
2015-07-15T23:17:29Z evo49 /confd[39]: DEBUG Retrieving keys from store
2015-07-15T23:17:29Z evo49 /confd[39]: DEBUG Key prefix set to /calico/v1
2015-07-15T23:17:29Z evo49 /confd[39]: DEBUG Retrieving keys from store
2015-07-15T23:17:29Z evo49 /confd[39]: DEBUG Key prefix set to /calico/v1
2015-07-15T23:17:29Z evo49 /confd[39]: DEBUG Using source template /templates/bird.cfg.template
2015-07-15T23:17:29Z evo49 /confd[39]: DEBUG Compiling source template /templates/bird.cfg.template
2015-07-15T23:17:29Z evo49 /confd[39]: DEBUG Comparing candidate config to /config/bird.cfg
2015-07-15T23:17:29Z evo49 /confd[39]: DEBUG Target config /config/bird.cfg in sync
2015-07-15T23:17:29Z evo49 /confd[39]: DEBUG Using source template /templates/bird6.cfg.template
2015-07-15T23:17:29Z evo49 /confd[39]: DEBUG Compiling source template /templates/bird6.cfg.template
2015-07-15T23:17:29Z evo49 /confd[39]: DEBUG Comparing candidate config to /config/bird6.cfg
2015-07-15T23:17:29Z evo49 /confd[39]: DEBUG Target config /config/bird6.cfg in sync
2015-07-15T23:17:30Z evo49 /confd[39]: DEBUG Retrieving keys from store
2015-07-15T23:17:30Z evo49 /confd[39]: DEBUG Key prefix set to /calico/v1
2015-07-15T23:17:30Z evo49 /confd[39]: DEBUG Retrieving keys from store
2015-07-15T23:17:30Z evo49 /confd[39]: DEBUG Key prefix set to /calico/v1
2015-07-15T23:17:30Z evo49 /confd[39]: DEBUG Using source template /templates/bird6.cfg.template
2015-07-15T23:17:30Z evo49 /confd[39]: DEBUG Compiling source template /templates/bird6.cfg.template
2015-07-15T23:17:30Z evo49 /confd[39]: DEBUG Using source template /templates/bird.cfg.template
2015-07-15T23:17:30Z evo49 /confd[39]: DEBUG Compiling source template /templates/bird.cfg.template
2015-07-15T23:17:30Z evo49 /confd[39]: DEBUG Comparing candidate config to /config/bird6.cfg
2015-07-15T23:17:30Z evo49 /confd[39]: DEBUG Target config /config/bird6.cfg in sync
2015-07-15T23:17:30Z evo49 /confd[39]: DEBUG Comparing candidate config to /config/bird.cfg
2015-07-15T23:17:30Z evo49 /confd[39]: DEBUG Target config /config/bird.cfg in sync
2015-07-16T00:23:10Z evo49 /confd[39]: DEBUG Retrieving keys from store
2015-07-16T00:23:10Z evo49 /confd[39]: DEBUG Key prefix set to /calico/v1
2015-07-16T00:23:10Z evo49 /confd[39]: DEBUG Retrieving keys from store
2015-07-16T00:23:10Z evo49 /confd[39]: DEBUG Key prefix set to /calico/v1
2015-07-16T00:23:10Z evo49 /confd[39]: DEBUG Using source template /templates/bird.cfg.template
2015-07-16T00:23:10Z evo49 /confd[39]: DEBUG Compiling source template /templates/bird.cfg.template
2015-07-16T00:23:10Z evo49 /confd[39]: DEBUG Comparing candidate config to /config/bird.cfg
2015-07-16T00:23:10Z evo49 /confd[39]: DEBUG Target config /config/bird.cfg in sync
2015-07-16T00:23:10Z evo49 /confd[39]: DEBUG Using source template /templates/bird6.cfg.template
2015-07-16T00:23:10Z evo49 /confd[39]: DEBUG Compiling source template /templates/bird6.cfg.template
2015-07-16T00:23:10Z evo49 /confd[39]: DEBUG Comparing candidate config to /config/bird6.cfg
2015-07-16T00:23:10Z evo49 /confd[39]: DEBUG Target config /config/bird6.cfg in sync
2015-07-16T00:23:11Z evo49 /confd[39]: DEBUG Retrieving keys from store
2015-07-16T00:23:11Z evo49 /confd[39]: DEBUG Key prefix set to /calico/v1
2015-07-16T00:23:11Z evo49 /confd[39]: DEBUG Retrieving keys from store
2015-07-16T00:23:11Z evo49 /confd[39]: DEBUG Key prefix set to /calico/v1
2015-07-16T00:23:11Z evo49 /confd[39]: DEBUG Using source template /templates/bird.cfg.template
2015-07-16T00:23:11Z evo49 /confd[39]: DEBUG Compiling source template /templates/bird.cfg.template
2015-07-16T00:23:11Z evo49 /confd[39]: DEBUG Comparing candidate config to /config/bird.cfg
2015-07-16T00:23:11Z evo49 /confd[39]: DEBUG Target config /config/bird.cfg in sync
2015-07-16T00:23:11Z evo49 /confd[39]: DEBUG Using source template /templates/bird6.cfg.template
2015-07-16T00:23:11Z evo49 /confd[39]: DEBUG Compiling source template /templates/bird6.cfg.template
2015-07-16T00:23:11Z evo49 /confd[39]: DEBUG Comparing candidate config to /config/bird6.cfg
2015-07-16T00:23:11Z evo49 /confd[39]: DEBUG Target config /config/bird6.cfg in sync
2015-07-16T00:23:46Z evo49 /confd[39]: DEBUG Retrieving keys from store
2015-07-16T00:23:46Z evo49 /confd[39]: DEBUG Key prefix set to /calico/v1
2015-07-16T00:23:46Z evo49 /confd[39]: DEBUG Retrieving keys from store
2015-07-16T00:23:46Z evo49 /confd[39]: DEBUG Key prefix set to /calico/v1
2015-07-16T00:23:46Z evo49 /confd[39]: DEBUG Using source template /templates/bird6.cfg.template
2015-07-16T00:23:46Z evo49 /confd[39]: DEBUG Compiling source template /templates/bird6.cfg.template
2015-07-16T00:23:46Z evo49 /confd[39]: DEBUG Comparing candidate config to /config/bird6.cfg
2015-07-16T00:23:46Z evo49 /confd[39]: DEBUG Target config /config/bird6.cfg in sync
2015-07-16T00:23:46Z evo49 /confd[39]: DEBUG Using source template /templates/bird.cfg.template
2015-07-16T00:23:46Z evo49 /confd[39]: DEBUG Compiling source template /templates/bird.cfg.template
2015-07-16T00:23:46Z evo49 /confd[39]: DEBUG Comparing candidate config to /config/bird.cfg
2015-07-16T00:23:46Z evo49 /confd[39]: DEBUG Target config /config/bird.cfg in sync
2015-07-16T00:23:46Z evo49 /confd[39]: DEBUG Retrieving keys from store
2015-07-16T00:23:46Z evo49 /confd[39]: DEBUG Key prefix set to /calico/v1
2015-07-16T00:23:46Z evo49 /confd[39]: DEBUG Retrieving keys from store
2015-07-16T00:23:46Z evo49 /confd[39]: DEBUG Key prefix set to /calico/v1
2015-07-16T00:23:46Z evo49 /confd[39]: DEBUG Using source template /templates/bird.cfg.template
2015-07-16T00:23:46Z evo49 /confd[39]: DEBUG Compiling source template /templates/bird.cfg.template
2015-07-16T00:23:46Z evo49 /confd[39]: DEBUG Comparing candidate config to /config/bird.cfg
2015-07-16T00:23:46Z evo49 /confd[39]: DEBUG Target config /config/bird.cfg in sync
2015-07-16T00:23:47Z evo49 /confd[39]: DEBUG Using source template /templates/bird6.cfg.template
2015-07-16T00:23:47Z evo49 /confd[39]: DEBUG Compiling source template /templates/bird6.cfg.template
2015-07-16T00:23:47Z evo49 /confd[39]: DEBUG Comparing candidate config to /config/bird6.cfg
2015-07-16T00:23:47Z evo49 /confd[39]: DEBUG Target config /config/bird6.cfg in sync
2015-07-16T04:12:59Z evo49 /confd[39]: DEBUG Retrieving keys from store
2015-07-16T04:12:59Z evo49 /confd[39]: DEBUG Key prefix set to /calico/v1
2015-07-16T04:12:59Z evo49 /confd[39]: DEBUG Retrieving keys from store
2015-07-16T04:12:59Z evo49 /confd[39]: DEBUG Key prefix set to /calico/v1
2015-07-16T04:12:59Z evo49 /confd[39]: DEBUG Using source template /templates/bird.cfg.template
2015-07-16T04:12:59Z evo49 /confd[39]: DEBUG Compiling source template /templates/bird.cfg.template
2015-07-16T04:12:59Z evo49 /confd[39]: DEBUG Comparing candidate config to /config/bird.cfg
2015-07-16T04:12:59Z evo49 /confd[39]: DEBUG Target config /config/bird.cfg in sync
2015-07-16T04:12:59Z evo49 /confd[39]: DEBUG Using source template /templates/bird6.cfg.template
2015-07-16T04:12:59Z evo49 /confd[39]: DEBUG Compiling source template /templates/bird6.cfg.template
2015-07-16T04:12:59Z evo49 /confd[39]: DEBUG Comparing candidate config to /config/bird6.cfg
2015-07-16T04:12:59Z evo49 /confd[39]: DEBUG Target config /config/bird6.cfg in sync
2015-07-16T04:12:59Z evo49 /confd[39]: DEBUG Retrieving keys from store
2015-07-16T04:12:59Z evo49 /confd[39]: DEBUG Key prefix set to /calico/v1
2015-07-16T04:12:59Z evo49 /confd[39]: DEBUG Retrieving keys from store
2015-07-16T04:12:59Z evo49 /confd[39]: DEBUG Key prefix set to /calico/v1
2015-07-16T04:12:59Z evo49 /confd[39]: DEBUG Using source template /templates/bird6.cfg.template
2015-07-16T04:12:59Z evo49 /confd[39]: DEBUG Compiling source template /templates/bird6.cfg.template
2015-07-16T04:12:59Z evo49 /confd[39]: DEBUG Comparing candidate config to /config/bird6.cfg
2015-07-16T04:12:59Z evo49 /confd[39]: DEBUG Target config /config/bird6.cfg in sync
2015-07-16T04:12:59Z evo49 /confd[39]: DEBUG Using source template /templates/bird.cfg.template
2015-07-16T04:12:59Z evo49 /confd[39]: DEBUG Compiling source template /templates/bird.cfg.template
2015-07-16T04:12:59Z evo49 /confd[39]: DEBUG Comparing candidate config to /config/bird.cfg
2015-07-16T04:12:59Z evo49 /confd[39]: DEBUG Target config /config/bird.cfg in sync
2015-07-16T04:17:59Z evo49 /confd[39]: DEBUG Retrieving keys from store
2015-07-16T04:17:59Z evo49 /confd[39]: DEBUG Key prefix set to /calico/v1
2015-07-16T04:17:59Z evo49 /confd[39]: DEBUG Retrieving keys from store
2015-07-16T04:17:59Z evo49 /confd[39]: DEBUG Key prefix set to /calico/v1
2015-07-16T04:17:59Z evo49 /confd[39]: DEBUG Using source template /templates/bird.cfg.template
2015-07-16T04:17:59Z evo49 /confd[39]: DEBUG Compiling source template /templates/bird.cfg.template
2015-07-16T04:17:59Z evo49 /confd[39]: DEBUG Comparing candidate config to /config/bird.cfg
2015-07-16T04:17:59Z evo49 /confd[39]: DEBUG Target config /config/bird.cfg in sync
2015-07-16T04:17:59Z evo49 /confd[39]: DEBUG Using source template /templates/bird6.cfg.template
2015-07-16T04:17:59Z evo49 /confd[39]: DEBUG Compiling source template /templates/bird6.cfg.template
2015-07-16T04:17:59Z evo49 /confd[39]: DEBUG Comparing candidate config to /config/bird6.cfg
2015-07-16T04:17:59Z evo49 /confd[39]: DEBUG Target config /config/bird6.cfg in sync
2015-07-16T04:18:00Z evo49 /confd[39]: DEBUG Retrieving keys from store
2015-07-16T04:18:00Z evo49 /confd[39]: DEBUG Key prefix set to /calico/v1
2015-07-16T04:18:00Z evo49 /confd[39]: DEBUG Retrieving keys from store
2015-07-16T04:18:00Z evo49 /confd[39]: DEBUG Key prefix set to /calico/v1
2015-07-16T04:18:00Z evo49 /confd[39]: DEBUG Using source template /templates/bird.cfg.template
2015-07-16T04:18:00Z evo49 /confd[39]: DEBUG Compiling source template /templates/bird.cfg.template
2015-07-16T04:18:00Z evo49 /confd[39]: DEBUG Comparing candidate config to /config/bird.cfg
2015-07-16T04:18:00Z evo49 /confd[39]: DEBUG Target config /config/bird.cfg in sync
2015-07-16T04:18:00Z evo49 /confd[39]: DEBUG Using source template /templates/bird6.cfg.template
2015-07-16T04:18:00Z evo49 /confd[39]: DEBUG Compiling source template /templates/bird6.cfg.template
2015-07-16T04:18:00Z evo49 /confd[39]: DEBUG Comparing candidate config to /config/bird6.cfg
2015-07-16T04:18:00Z evo49 /confd[39]: DEBUG Target config /config/bird6.cfg in sync
2015-07-16T04:21:31Z evo49 /confd[39]: DEBUG Retrieving keys from store
2015-07-16T04:21:31Z evo49 /confd[39]: DEBUG Key prefix set to /calico/v1
2015-07-16T04:21:31Z evo49 /confd[39]: DEBUG Retrieving keys from store
2015-07-16T04:21:31Z evo49 /confd[39]: DEBUG Key prefix set to /calico/v1
2015-07-16T04:21:31Z evo49 /confd[39]: DEBUG Using source template /templates/bird.cfg.template
2015-07-16T04:21:31Z evo49 /confd[39]: DEBUG Compiling source template /templates/bird.cfg.template
2015-07-16T04:21:31Z evo49 /confd[39]: DEBUG Comparing candidate config to /config/bird.cfg
2015-07-16T04:21:31Z evo49 /confd[39]: DEBUG Target config /config/bird.cfg in sync
2015-07-16T04:21:31Z evo49 /confd[39]: DEBUG Using source template /templates/bird6.cfg.template
2015-07-16T04:21:31Z evo49 /confd[39]: DEBUG Compiling source template /templates/bird6.cfg.template
2015-07-16T04:21:31Z evo49 /confd[39]: DEBUG Comparing candidate config to /config/bird6.cfg
2015-07-16T04:21:31Z evo49 /confd[39]: DEBUG Target config /config/bird6.cfg in sync
2015-07-16T04:21:31Z evo49 /confd[39]: DEBUG Retrieving keys from store
2015-07-16T04:21:31Z evo49 /confd[39]: DEBUG Key prefix set to /calico/v1
2015-07-16T04:21:31Z evo49 /confd[39]: DEBUG Retrieving keys from store
2015-07-16T04:21:31Z evo49 /confd[39]: DEBUG Key prefix set to /calico/v1
2015-07-16T04:21:31Z evo49 /confd[39]: DEBUG Using source template /templates/bird6.cfg.template
2015-07-16T04:21:31Z evo49 /confd[39]: DEBUG Compiling source template /templates/bird6.cfg.template
2015-07-16T04:21:31Z evo49 /confd[39]: DEBUG Comparing candidate config to /config/bird6.cfg
2015-07-16T04:21:31Z evo49 /confd[39]: DEBUG Target config /config/bird6.cfg in sync
2015-07-16T04:21:31Z evo49 /confd[39]: DEBUG Using source template /templates/bird.cfg.template
2015-07-16T04:21:31Z evo49 /confd[39]: DEBUG Compiling source template /templates/bird.cfg.template
2015-07-16T04:21:31Z evo49 /confd[39]: DEBUG Comparing candidate config to /config/bird.cfg
2015-07-16T04:21:31Z evo49 /confd[39]: DEBUG Target config /config/bird.cfg in sync
2015-07-16T04:21:56Z evo49 /confd[39]: DEBUG Retrieving keys from store
2015-07-16T04:21:56Z evo49 /confd[39]: DEBUG Key prefix set to /calico/v1
2015-07-16T04:21:56Z evo49 /confd[39]: DEBUG Retrieving keys from store
2015-07-16T04:21:56Z evo49 /confd[39]: DEBUG Key prefix set to /calico/v1
2015-07-16T04:21:56Z evo49 /confd[39]: DEBUG Using source template /templates/bird6.cfg.template
2015-07-16T04:21:56Z evo49 /confd[39]: DEBUG Compiling source template /templates/bird6.cfg.template
2015-07-16T04:21:56Z evo49 /confd[39]: DEBUG Comparing candidate config to /config/bird6.cfg
2015-07-16T04:21:56Z evo49 /confd[39]: DEBUG Target config /config/bird6.cfg in sync
2015-07-16T04:21:56Z evo49 /confd[39]: DEBUG Using source template /templates/bird.cfg.template
2015-07-16T04:21:56Z evo49 /confd[39]: DEBUG Compiling source template /templates/bird.cfg.template
2015-07-16T04:21:56Z evo49 /confd[39]: DEBUG Comparing candidate config to /config/bird.cfg
2015-07-16T04:21:56Z evo49 /confd[39]: DEBUG Target config /config/bird.cfg in sync
2015-07-16T04:21:56Z evo49 /confd[39]: DEBUG Retrieving keys from store
2015-07-16T04:21:56Z evo49 /confd[39]: DEBUG Key prefix set to /calico/v1
2015-07-16T04:21:56Z evo49 /confd[39]: DEBUG Retrieving keys from store
2015-07-16T04:21:56Z evo49 /confd[39]: DEBUG Key prefix set to /calico/v1
2015-07-16T04:21:56Z evo49 /confd[39]: DEBUG Using source template /templates/bird.cfg.template
2015-07-16T04:21:56Z evo49 /confd[39]: DEBUG Compiling source template /templates/bird.cfg.template
2015-07-16T04:21:56Z evo49 /confd[39]: DEBUG Comparing candidate config to /config/bird.cfg
2015-07-16T04:21:56Z evo49 /confd[39]: DEBUG Target config /config/bird.cfg in sync
2015-07-16T04:21:56Z evo49 /confd[39]: DEBUG Using source template /templates/bird6.cfg.template
2015-07-16T04:21:56Z evo49 /confd[39]: DEBUG Compiling source template /templates/bird6.cfg.template
2015-07-16T04:21:56Z evo49 /confd[39]: DEBUG Comparing candidate config to /config/bird6.cfg
2015-07-16T04:21:56Z evo49 /confd[39]: DEBUG Target config /config/bird6.cfg in sync
2015-07-16T14:14:19Z evo49 /confd[39]: DEBUG Retrieving keys from store
2015-07-16T14:14:19Z evo49 /confd[39]: DEBUG Key prefix set to /calico/v1
2015-07-16T14:14:19Z evo49 /confd[39]: DEBUG Using source template /templates/bird6.cfg.template
2015-07-16T14:14:19Z evo49 /confd[39]: DEBUG Compiling source template /templates/bird6.cfg.template
2015-07-16T14:14:19Z evo49 /confd[39]: DEBUG Comparing candidate config to /config/bird6.cfg
2015-07-16T14:14:19Z evo49 /confd[39]: DEBUG Target config /config/bird6.cfg in sync
2015-07-16T14:14:19Z evo49 /confd[39]: DEBUG Retrieving keys from store
2015-07-16T14:14:19Z evo49 /confd[39]: DEBUG Key prefix set to /calico/v1
2015-07-16T14:14:20Z evo49 /confd[39]: DEBUG Using source template /templates/bird.cfg.template
2015-07-16T14:14:20Z evo49 /confd[39]: DEBUG Compiling source template /templates/bird.cfg.template
2015-07-16T14:14:20Z evo49 /confd[39]: DEBUG Comparing candidate config to /config/bird.cfg
2015-07-16T14:14:20Z evo49 /confd[39]: DEBUG Target config /config/bird.cfg in sync
2015-07-16T14:14:20Z evo49 /confd[39]: DEBUG Retrieving keys from store
2015-07-16T14:14:20Z evo49 /confd[39]: DEBUG Key prefix set to /calico/v1
2015-07-16T14:14:20Z evo49 /confd[39]: DEBUG Retrieving keys from store
2015-07-16T14:14:20Z evo49 /confd[39]: DEBUG Key prefix set to /calico/v1
2015-07-16T14:14:20Z evo49 /confd[39]: DEBUG Using source template /templates/bird6.cfg.template
2015-07-16T14:14:20Z evo49 /confd[39]: DEBUG Compiling source template /templates/bird6.cfg.template
2015-07-16T14:14:20Z evo49 /confd[39]: DEBUG Comparing candidate config to /config/bird6.cfg
2015-07-16T14:14:20Z evo49 /confd[39]: DEBUG Target config /config/bird6.cfg in sync
2015-07-16T14:14:20Z evo49 /confd[39]: DEBUG Using source template /templates/bird.cfg.template
2015-07-16T14:14:20Z evo49 /confd[39]: DEBUG Compiling source template /templates/bird.cfg.template
2015-07-16T14:14:20Z evo49 /confd[39]: DEBUG Comparing candidate config to /config/bird.cfg
2015-07-16T14:14:20Z evo49 /confd[39]: DEBUG Target config /config/bird.cfg in sync
2015-07-16T14:32:54Z evo49 /confd[39]: DEBUG Retrieving keys from store
2015-07-16T14:32:54Z evo49 /confd[39]: DEBUG Key prefix set to /calico/v1
2015-07-16T14:32:54Z evo49 /confd[39]: DEBUG Retrieving keys from store
2015-07-16T14:32:54Z evo49 /confd[39]: DEBUG Key prefix set to /calico/v1
2015-07-16T14:32:54Z evo49 /confd[39]: DEBUG Using source template /templates/bird.cfg.template
2015-07-16T14:32:54Z evo49 /confd[39]: DEBUG Compiling source template /templates/bird.cfg.template
2015-07-16T14:32:54Z evo49 /confd[39]: DEBUG Comparing candidate config to /config/bird.cfg
2015-07-16T14:32:54Z evo49 /confd[39]: DEBUG Target config /config/bird.cfg in sync
2015-07-16T14:32:54Z evo49 /confd[39]: DEBUG Using source template /templates/bird6.cfg.template
2015-07-16T14:32:54Z evo49 /confd[39]: DEBUG Compiling source template /templates/bird6.cfg.template
2015-07-16T14:32:54Z evo49 /confd[39]: DEBUG Comparing candidate config to /config/bird6.cfg
2015-07-16T14:32:54Z evo49 /confd[39]: DEBUG Target config /config/bird6.cfg in sync
2015-07-16T14:32:54Z evo49 /confd[39]: DEBUG Retrieving keys from store
2015-07-16T14:32:54Z evo49 /confd[39]: DEBUG Key prefix set to /calico/v1
2015-07-16T14:32:54Z evo49 /confd[39]: DEBUG Retrieving keys from store
2015-07-16T14:32:54Z evo49 /confd[39]: DEBUG Key prefix set to /calico/v1
2015-07-16T14:32:54Z evo49 /confd[39]: DEBUG Using source template /templates/bird6.cfg.template
2015-07-16T14:32:54Z evo49 /confd[39]: DEBUG Compiling source template /templates/bird6.cfg.template
2015-07-16T14:32:54Z evo49 /confd[39]: DEBUG Comparing candidate config to /config/bird6.cfg
2015-07-16T14:32:54Z evo49 /confd[39]: DEBUG Target config /config/bird6.cfg in sync
2015-07-16T14:32:54Z evo49 /confd[39]: DEBUG Using source template /templates/bird.cfg.template
2015-07-16T14:32:54Z evo49 /confd[39]: DEBUG Compiling source template /templates/bird.cfg.template
2015-07-16T14:32:54Z evo49 /confd[39]: DEBUG Comparing candidate config to /config/bird.cfg
2015-07-16T14:32:54Z evo49 /confd[39]: INFO /config/bird.cfg has md5sum 64bc2de3b7b43ef0e95aeebfcd86d294 should be d12fc4ea32e184e042fdf53e7e1de917
2015-07-16T14:32:54Z evo49 /confd[39]: INFO Target config /config/bird.cfg out of sync
2015-07-16T14:32:54Z evo49 /confd[39]: DEBUG Overwriting target config /config/bird.cfg
2015-07-16T14:32:54Z evo49 /confd[39]: DEBUG Running pkill -HUP bird || true
2015-07-16T14:32:54Z evo49 /confd[39]: DEBUG ""
2015-07-16T14:32:54Z evo49 /confd[39]: INFO Target config /config/bird.cfg has been updated
2015-07-16T14:32:54Z evo49 /confd[39]: DEBUG Retrieving keys from store
2015-07-16T14:32:54Z evo49 /confd[39]: DEBUG Key prefix set to /calico/v1
2015-07-16T14:32:54Z evo49 /confd[39]: DEBUG Retrieving keys from store
2015-07-16T14:32:54Z evo49 /confd[39]: DEBUG Key prefix set to /calico/v1
2015-07-16T14:32:54Z evo49 /confd[39]: DEBUG Using source template /templates/bird6.cfg.template
2015-07-16T14:32:54Z evo49 /confd[39]: DEBUG Compiling source template /templates/bird6.cfg.template
2015-07-16T14:32:54Z evo49 /confd[39]: DEBUG Comparing candidate config to /config/bird6.cfg
2015-07-16T14:32:54Z evo49 /confd[39]: DEBUG Target config /config/bird6.cfg in sync
2015-07-16T14:32:54Z evo49 /confd[39]: DEBUG Using source template /templates/bird.cfg.template
2015-07-16T14:32:54Z evo49 /confd[39]: DEBUG Compiling source template /templates/bird.cfg.template
2015-07-16T14:32:54Z evo49 /confd[39]: DEBUG Comparing candidate config to /config/bird.cfg
2015-07-16T14:32:54Z evo49 /confd[39]: DEBUG Target config /config/bird.cfg in sync
2015-07-16T14:32:54Z evo49 /confd[39]: DEBUG Retrieving keys from store
2015-07-16T14:32:54Z evo49 /confd[39]: DEBUG Key prefix set to /calico/v1
2015-07-16T14:32:54Z evo49 /confd[39]: DEBUG Retrieving keys from store
2015-07-16T14:32:54Z evo49 /confd[39]: DEBUG Key prefix set to /calico/v1
2015-07-16T14:32:54Z evo49 /confd[39]: DEBUG Using source template /templates/bird.cfg.template
2015-07-16T14:32:54Z evo49 /confd[39]: DEBUG Compiling source template /templates/bird.cfg.template
2015-07-16T14:32:54Z evo49 /confd[39]: DEBUG Comparing candidate config to /config/bird.cfg
2015-07-16T14:32:54Z evo49 /confd[39]: DEBUG Target config /config/bird.cfg in sync
2015-07-16T14:32:54Z evo49 /confd[39]: DEBUG Using source template /templates/bird6.cfg.template
2015-07-16T14:32:54Z evo49 /confd[39]: DEBUG Compiling source template /templates/bird6.cfg.template
2015-07-16T14:32:54Z evo49 /confd[39]: DEBUG Comparing candidate config to /config/bird6.cfg
2015-07-16T14:32:54Z evo49 /confd[39]: DEBUG Target config /config/bird6.cfg in sync
2015-07-16T14:32:55Z evo49 /confd[39]: DEBUG Retrieving keys from store
2015-07-16T14:32:55Z evo49 /confd[39]: DEBUG Key prefix set to /calico/v1
2015-07-16T14:32:55Z evo49 /confd[39]: DEBUG Retrieving keys from store
2015-07-16T14:32:55Z evo49 /confd[39]: DEBUG Key prefix set to /calico/v1
2015-07-16T14:32:55Z evo49 /confd[39]: DEBUG Using source template /templates/bird.cfg.template
2015-07-16T14:32:55Z evo49 /confd[39]: DEBUG Compiling source template /templates/bird.cfg.template
2015-07-16T14:32:55Z evo49 /confd[39]: DEBUG Comparing candidate config to /config/bird.cfg
2015-07-16T14:32:55Z evo49 /confd[39]: DEBUG Target config /config/bird.cfg in sync
2015-07-16T14:32:55Z evo49 /confd[39]: DEBUG Using source template /templates/bird6.cfg.template
2015-07-16T14:32:55Z evo49 /confd[39]: DEBUG Compiling source template /templates/bird6.cfg.template
2015-07-16T14:32:55Z evo49 /confd[39]: DEBUG Comparing candidate config to /config/bird6.cfg
2015-07-16T14:32:55Z evo49 /confd[39]: DEBUG Target config /config/bird6.cfg in sync
2015-07-16T14:36:06Z evo49 /confd[39]: DEBUG Retrieving keys from store
2015-07-16T14:36:06Z evo49 /confd[39]: DEBUG Key prefix set to /calico/v1
2015-07-16T14:36:06Z evo49 /confd[39]: DEBUG Retrieving keys from store
2015-07-16T14:36:06Z evo49 /confd[39]: DEBUG Key prefix set to /calico/v1
2015-07-16T14:36:06Z evo49 /confd[39]: DEBUG Using source template /templates/bird6.cfg.template
2015-07-16T14:36:06Z evo49 /confd[39]: DEBUG Compiling source template /templates/bird6.cfg.template
2015-07-16T14:36:06Z evo49 /confd[39]: DEBUG Comparing candidate config to /config/bird6.cfg
2015-07-16T14:36:06Z evo49 /confd[39]: DEBUG Target config /config/bird6.cfg in sync
2015-07-16T14:36:06Z evo49 /confd[39]: DEBUG Using source template /templates/bird.cfg.template
2015-07-16T14:36:06Z evo49 /confd[39]: DEBUG Compiling source template /templates/bird.cfg.template
2015-07-16T14:36:06Z evo49 /confd[39]: DEBUG Comparing candidate config to /config/bird.cfg
2015-07-16T14:36:06Z evo49 /confd[39]: DEBUG Target config /config/bird.cfg in sync
2015-07-16T14:36:07Z evo49 /confd[39]: DEBUG Retrieving keys from store
2015-07-16T14:36:07Z evo49 /confd[39]: DEBUG Key prefix set to /calico/v1
2015-07-16T14:36:07Z evo49 /confd[39]: DEBUG Retrieving keys from store
2015-07-16T14:36:07Z evo49 /confd[39]: DEBUG Key prefix set to /calico/v1
2015-07-16T14:36:07Z evo49 /confd[39]: DEBUG Using source template /templates/bird.cfg.template
2015-07-16T14:36:07Z evo49 /confd[39]: DEBUG Compiling source template /templates/bird.cfg.template
2015-07-16T14:36:07Z evo49 /confd[39]: DEBUG Using source template /templates/bird6.cfg.template
2015-07-16T14:36:07Z evo49 /confd[39]: DEBUG Compiling source template /templates/bird6.cfg.template
2015-07-16T14:36:07Z evo49 /confd[39]: DEBUG Comparing candidate config to /config/bird6.cfg
2015-07-16T14:36:07Z evo49 /confd[39]: DEBUG Target config /config/bird6.cfg in sync
2015-07-16T14:36:07Z evo49 /confd[39]: DEBUG Comparing candidate config to /config/bird.cfg
2015-07-16T14:36:07Z evo49 /confd[39]: DEBUG Target config /config/bird.cfg in sync
2015-07-16T14:41:38Z evo49 /confd[39]: DEBUG Retrieving keys from store
2015-07-16T14:41:38Z evo49 /confd[39]: DEBUG Key prefix set to /calico/v1
2015-07-16T14:41:38Z evo49 /confd[39]: DEBUG Retrieving keys from store
2015-07-16T14:41:38Z evo49 /confd[39]: DEBUG Key prefix set to /calico/v1
2015-07-16T14:41:38Z evo49 /confd[39]: DEBUG Using source template /templates/bird.cfg.template
2015-07-16T14:41:38Z evo49 /confd[39]: DEBUG Compiling source template /templates/bird.cfg.template
2015-07-16T14:41:38Z evo49 /confd[39]: DEBUG Comparing candidate config to /config/bird.cfg
2015-07-16T14:41:38Z evo49 /confd[39]: DEBUG Target config /config/bird.cfg in sync
2015-07-16T14:41:38Z evo49 /confd[39]: DEBUG Using source template /templates/bird6.cfg.template
2015-07-16T14:41:38Z evo49 /confd[39]: DEBUG Compiling source template /templates/bird6.cfg.template
2015-07-16T14:41:38Z evo49 /confd[39]: DEBUG Comparing candidate config to /config/bird6.cfg
2015-07-16T14:41:38Z evo49 /confd[39]: DEBUG Target config /config/bird6.cfg in sync
2015-07-16T14:41:38Z evo49 /confd[39]: DEBUG Retrieving keys from store
2015-07-16T14:41:38Z evo49 /confd[39]: DEBUG Key prefix set to /calico/v1
2015-07-16T14:41:38Z evo49 /confd[39]: DEBUG Retrieving keys from store
2015-07-16T14:41:38Z evo49 /confd[39]: DEBUG Key prefix set to /calico/v1
2015-07-16T14:41:38Z evo49 /confd[39]: DEBUG Using source template /templates/bird6.cfg.template
2015-07-16T14:41:38Z evo49 /confd[39]: DEBUG Compiling source template /templates/bird6.cfg.template
2015-07-16T14:41:38Z evo49 /confd[39]: DEBUG Using source template /templates/bird.cfg.template
2015-07-16T14:41:38Z evo49 /confd[39]: DEBUG Compiling source template /templates/bird.cfg.template
2015-07-16T14:41:38Z evo49 /confd[39]: DEBUG Comparing candidate config to /config/bird6.cfg
2015-07-16T14:41:38Z evo49 /confd[39]: DEBUG Target config /config/bird6.cfg in sync
2015-07-16T14:41:38Z evo49 /confd[39]: DEBUG Comparing candidate config to /config/bird.cfg
2015-07-16T14:41:38Z evo49 /confd[39]: DEBUG Target config /config/bird.cfg in sync
2015-07-16T17:01:58Z evo49 /confd[39]: DEBUG Retrieving keys from store
2015-07-16T17:01:58Z evo49 /confd[39]: DEBUG Key prefix set to /calico/v1
2015-07-16T17:01:58Z evo49 /confd[39]: DEBUG Retrieving keys from store
2015-07-16T17:01:58Z evo49 /confd[39]: DEBUG Key prefix set to /calico/v1
2015-07-16T17:01:58Z evo49 /confd[39]: DEBUG Using source template /templates/bird.cfg.template
2015-07-16T17:01:58Z evo49 /confd[39]: DEBUG Compiling source template /templates/bird.cfg.template
2015-07-16T17:01:58Z evo49 /confd[39]: DEBUG Using source template /templates/bird6.cfg.template
2015-07-16T17:01:58Z evo49 /confd[39]: DEBUG Compiling source template /templates/bird6.cfg.template
2015-07-16T17:01:58Z evo49 /confd[39]: DEBUG Comparing candidate config to /config/bird6.cfg
2015-07-16T17:01:58Z evo49 /confd[39]: DEBUG Target config /config/bird6.cfg in sync
2015-07-16T17:01:58Z evo49 /confd[39]: DEBUG Comparing candidate config to /config/bird.cfg
2015-07-16T17:01:58Z evo49 /confd[39]: DEBUG Target config /config/bird.cfg in sync
2015-07-16T17:01:58Z evo49 /confd[39]: DEBUG Retrieving keys from store
2015-07-16T17:01:58Z evo49 /confd[39]: DEBUG Key prefix set to /calico/v1
2015-07-16T17:01:58Z evo49 /confd[39]: DEBUG Retrieving keys from store
2015-07-16T17:01:58Z evo49 /confd[39]: DEBUG Key prefix set to /calico/v1
2015-07-16T17:01:58Z evo49 /confd[39]: DEBUG Using source template /templates/bird6.cfg.template
2015-07-16T17:01:58Z evo49 /confd[39]: DEBUG Compiling source template /templates/bird6.cfg.template
2015-07-16T17:01:58Z evo49 /confd[39]: DEBUG Comparing candidate config to /config/bird6.cfg
2015-07-16T17:01:58Z evo49 /confd[39]: DEBUG Target config /config/bird6.cfg in sync
2015-07-16T17:01:58Z evo49 /confd[39]: DEBUG Using source template /templates/bird.cfg.template
2015-07-16T17:01:58Z evo49 /confd[39]: DEBUG Compiling source template /templates/bird.cfg.template
2015-07-16T17:01:58Z evo49 /confd[39]: DEBUG Comparing candidate config to /config/bird.cfg
2015-07-16T17:01:58Z evo49 /confd[39]: DEBUG Target config /config/bird.cfg in sync
2015-07-16T17:26:14Z evo49 /confd[39]: DEBUG Retrieving keys from store
2015-07-16T17:26:14Z evo49 /confd[39]: DEBUG Key prefix set to /calico/v1
2015-07-16T17:26:14Z evo49 /confd[39]: DEBUG Retrieving keys from store
2015-07-16T17:26:14Z evo49 /confd[39]: DEBUG Key prefix set to /calico/v1
2015-07-16T17:26:14Z evo49 /confd[39]: DEBUG Using source template /templates/bird.cfg.template
2015-07-16T17:26:14Z evo49 /confd[39]: DEBUG Compiling source template /templates/bird.cfg.template
2015-07-16T17:26:14Z evo49 /confd[39]: DEBUG Comparing candidate config to /config/bird.cfg
2015-07-16T17:26:14Z evo49 /confd[39]: DEBUG Target config /config/bird.cfg in sync
2015-07-16T17:26:14Z evo49 /confd[39]: DEBUG Using source template /templates/bird6.cfg.template
2015-07-16T17:26:14Z evo49 /confd[39]: DEBUG Compiling source template /templates/bird6.cfg.template
2015-07-16T17:26:14Z evo49 /confd[39]: DEBUG Comparing candidate config to /config/bird6.cfg
2015-07-16T17:26:14Z evo49 /confd[39]: DEBUG Target config /config/bird6.cfg in sync
2015-07-16T17:26:14Z evo49 /confd[39]: DEBUG Retrieving keys from store
2015-07-16T17:26:14Z evo49 /confd[39]: DEBUG Key prefix set to /calico/v1
2015-07-16T17:26:14Z evo49 /confd[39]: DEBUG Retrieving keys from store
2015-07-16T17:26:14Z evo49 /confd[39]: DEBUG Key prefix set to /calico/v1
2015-07-16T17:26:14Z evo49 /confd[39]: DEBUG Using source template /templates/bird6.cfg.template
2015-07-16T17:26:14Z evo49 /confd[39]: DEBUG Compiling source template /templates/bird6.cfg.template
2015-07-16T17:26:14Z evo49 /confd[39]: DEBUG Comparing candidate config to /config/bird6.cfg
2015-07-16T17:26:14Z evo49 /confd[39]: DEBUG Target config /config/bird6.cfg in sync
2015-07-16T17:26:14Z evo49 /confd[39]: DEBUG Using source template /templates/bird.cfg.template
2015-07-16T17:26:14Z evo49 /confd[39]: DEBUG Compiling source template /templates/bird.cfg.template
2015-07-16T17:26:14Z evo49 /confd[39]: DEBUG Comparing candidate config to /config/bird.cfg
2015-07-16T17:26:14Z evo49 /confd[39]: DEBUG Target config /config/bird.cfg in sync
2015-07-16T18:51:50Z evo49 /confd[39]: DEBUG Retrieving keys from store
2015-07-16T18:51:50Z evo49 /confd[39]: DEBUG Key prefix set to /calico/v1
2015-07-16T18:51:50Z evo49 /confd[39]: DEBUG Retrieving keys from store
2015-07-16T18:51:50Z evo49 /confd[39]: DEBUG Key prefix set to /calico/v1
2015-07-16T18:51:50Z evo49 /confd[39]: DEBUG Using source template /templates/bird.cfg.template
2015-07-16T18:51:50Z evo49 /confd[39]: DEBUG Compiling source template /templates/bird.cfg.template
2015-07-16T18:51:50Z evo49 /confd[39]: DEBUG Comparing candidate config to /config/bird.cfg
2015-07-16T18:51:50Z evo49 /confd[39]: DEBUG Target config /config/bird.cfg in sync
2015-07-16T18:51:50Z evo49 /confd[39]: DEBUG Using source template /templates/bird6.cfg.template
2015-07-16T18:51:50Z evo49 /confd[39]: DEBUG Compiling source template /templates/bird6.cfg.template
2015-07-16T18:51:50Z evo49 /confd[39]: DEBUG Comparing candidate config to /config/bird6.cfg
2015-07-16T18:51:50Z evo49 /confd[39]: DEBUG Target config /config/bird6.cfg in sync
2015-07-16T18:51:50Z evo49 /confd[39]: DEBUG Retrieving keys from store
2015-07-16T18:51:50Z evo49 /confd[39]: DEBUG Key prefix set to /calico/v1
2015-07-16T18:51:50Z evo49 /confd[39]: DEBUG Retrieving keys from store
2015-07-16T18:51:50Z evo49 /confd[39]: DEBUG Key prefix set to /calico/v1
2015-07-16T18:51:50Z evo49 /confd[39]: DEBUG Using source template /templates/bird6.cfg.template
2015-07-16T18:51:50Z evo49 /confd[39]: DEBUG Compiling source template /templates/bird6.cfg.template
2015-07-16T18:51:50Z evo49 /confd[39]: DEBUG Comparing candidate config to /config/bird6.cfg
2015-07-16T18:51:50Z evo49 /confd[39]: DEBUG Target config /config/bird6.cfg in sync
2015-07-16T18:51:50Z evo49 /confd[39]: DEBUG Using source template /templates/bird.cfg.template
2015-07-16T18:51:50Z evo49 /confd[39]: DEBUG Compiling source template /templates/bird.cfg.template
2015-07-16T18:51:50Z evo49 /confd[39]: DEBUG Comparing candidate config to /config/bird.cfg
2015-07-16T18:51:50Z evo49 /confd[39]: DEBUG Target config /config/bird.cfg in sync
2015-07-16T19:05:45Z evo49 /confd[39]: DEBUG Retrieving keys from store
2015-07-16T19:05:45Z evo49 /confd[39]: DEBUG Key prefix set to /calico/v1
2015-07-16T19:05:45Z evo49 /confd[39]: DEBUG Retrieving keys from store
2015-07-16T19:05:45Z evo49 /confd[39]: DEBUG Key prefix set to /calico/v1
2015-07-16T19:05:45Z evo49 /confd[39]: DEBUG Using source template /templates/bird.cfg.template
2015-07-16T19:05:45Z evo49 /confd[39]: DEBUG Compiling source template /templates/bird.cfg.template
2015-07-16T19:05:45Z evo49 /confd[39]: DEBUG Comparing candidate config to /config/bird.cfg
2015-07-16T19:05:45Z evo49 /confd[39]: DEBUG Target config /config/bird.cfg in sync
2015-07-16T19:05:45Z evo49 /confd[39]: DEBUG Using source template /templates/bird6.cfg.template
2015-07-16T19:05:45Z evo49 /confd[39]: DEBUG Compiling source template /templates/bird6.cfg.template
2015-07-16T19:05:45Z evo49 /confd[39]: DEBUG Comparing candidate config to /config/bird6.cfg
2015-07-16T19:05:45Z evo49 /confd[39]: DEBUG Target config /config/bird6.cfg in sync
2015-07-16T19:05:46Z evo49 /confd[39]: DEBUG Retrieving keys from store
2015-07-16T19:05:46Z evo49 /confd[39]: DEBUG Key prefix set to /calico/v1
2015-07-16T19:05:46Z evo49 /confd[39]: DEBUG Retrieving keys from store
2015-07-16T19:05:46Z evo49 /confd[39]: DEBUG Key prefix set to /calico/v1
2015-07-16T19:05:46Z evo49 /confd[39]: DEBUG Using source template /templates/bird.cfg.template
2015-07-16T19:05:46Z evo49 /confd[39]: DEBUG Compiling source template /templates/bird.cfg.template
2015-07-16T19:05:46Z evo49 /confd[39]: DEBUG Comparing candidate config to /config/bird.cfg
2015-07-16T19:05:46Z evo49 /confd[39]: DEBUG Target config /config/bird.cfg in sync
2015-07-16T19:05:46Z evo49 /confd[39]: DEBUG Using source template /templates/bird6.cfg.template
2015-07-16T19:05:46Z evo49 /confd[39]: DEBUG Compiling source template /templates/bird6.cfg.template
2015-07-16T19:05:46Z evo49 /confd[39]: DEBUG Comparing candidate config to /config/bird6.cfg
2015-07-16T19:05:46Z evo49 /confd[39]: DEBUG Target config /config/bird6.cfg in sync
2015-07-16T21:00:56Z evo49 /confd[39]: DEBUG Retrieving keys from store
2015-07-16T21:00:56Z evo49 /confd[39]: DEBUG Key prefix set to /calico/v1
2015-07-16T21:00:56Z evo49 /confd[39]: DEBUG Retrieving keys from store
2015-07-16T21:00:56Z evo49 /confd[39]: DEBUG Key prefix set to /calico/v1
2015-07-16T21:00:56Z evo49 /confd[39]: DEBUG Using source template /templates/bird.cfg.template
2015-07-16T21:00:56Z evo49 /confd[39]: DEBUG Compiling source template /templates/bird.cfg.template
2015-07-16T21:00:56Z evo49 /confd[39]: DEBUG Comparing candidate config to /config/bird.cfg
2015-07-16T21:00:56Z evo49 /confd[39]: DEBUG Target config /config/bird.cfg in sync
2015-07-16T21:00:56Z evo49 /confd[39]: DEBUG Using source template /templates/bird6.cfg.template
2015-07-16T21:00:56Z evo49 /confd[39]: DEBUG Compiling source template /templates/bird6.cfg.template
2015-07-16T21:00:56Z evo49 /confd[39]: DEBUG Comparing candidate config to /config/bird6.cfg
2015-07-16T21:00:56Z evo49 /confd[39]: DEBUG Target config /config/bird6.cfg in sync
2015-07-16T21:00:57Z evo49 /confd[39]: DEBUG Retrieving keys from store
2015-07-16T21:00:57Z evo49 /confd[39]: DEBUG Key prefix set to /calico/v1
2015-07-16T21:00:57Z evo49 /confd[39]: DEBUG Retrieving keys from store
2015-07-16T21:00:57Z evo49 /confd[39]: DEBUG Key prefix set to /calico/v1
2015-07-16T21:00:57Z evo49 /confd[39]: DEBUG Using source template /templates/bird6.cfg.template
2015-07-16T21:00:57Z evo49 /confd[39]: DEBUG Compiling source template /templates/bird6.cfg.template
2015-07-16T21:00:57Z evo49 /confd[39]: DEBUG Comparing candidate config to /config/bird6.cfg
2015-07-16T21:00:57Z evo49 /confd[39]: DEBUG Target config /config/bird6.cfg in sync
2015-07-16T21:00:57Z evo49 /confd[39]: DEBUG Using source template /templates/bird.cfg.template
2015-07-16T21:00:57Z evo49 /confd[39]: DEBUG Compiling source template /templates/bird.cfg.template
2015-07-16T21:00:57Z evo49 /confd[39]: DEBUG Comparing candidate config to /config/bird.cfg
2015-07-16T21:00:57Z evo49 /confd[39]: DEBUG Target config /config/bird.cfg in sync
2015-07-17T18:28:32Z evo49 /confd[39]: DEBUG Retrieving keys from store
2015-07-17T18:28:32Z evo49 /confd[39]: DEBUG Key prefix set to /calico/v1
2015-07-17T18:28:32Z evo49 /confd[39]: DEBUG Retrieving keys from store
2015-07-17T18:28:32Z evo49 /confd[39]: DEBUG Key prefix set to /calico/v1
2015-07-17T18:28:32Z evo49 /confd[39]: DEBUG Using source template /templates/bird.cfg.template
2015-07-17T18:28:32Z evo49 /confd[39]: DEBUG Using source template /templates/bird6.cfg.template
2015-07-17T18:28:32Z evo49 /confd[39]: DEBUG Compiling source template /templates/bird6.cfg.template
2015-07-17T18:28:32Z evo49 /confd[39]: DEBUG Compiling source template /templates/bird.cfg.template
2015-07-17T18:28:32Z evo49 /confd[39]: DEBUG Comparing candidate config to /config/bird6.cfg
2015-07-17T18:28:32Z evo49 /confd[39]: DEBUG Target config /config/bird6.cfg in sync
2015-07-17T18:28:32Z evo49 /confd[39]: DEBUG Comparing candidate config to /config/bird.cfg
2015-07-17T18:28:32Z evo49 /confd[39]: DEBUG Target config /config/bird.cfg in sync
2015-07-17T18:28:32Z evo49 /confd[39]: DEBUG Retrieving keys from store
2015-07-17T18:28:32Z evo49 /confd[39]: DEBUG Key prefix set to /calico/v1
2015-07-17T18:28:32Z evo49 /confd[39]: DEBUG Retrieving keys from store
2015-07-17T18:28:32Z evo49 /confd[39]: DEBUG Key prefix set to /calico/v1
2015-07-17T18:28:32Z evo49 /confd[39]: DEBUG Using source template /templates/bird6.cfg.template
2015-07-17T18:28:32Z evo49 /confd[39]: DEBUG Compiling source template /templates/bird6.cfg.template
2015-07-17T18:28:32Z evo49 /confd[39]: DEBUG Comparing candidate config to /config/bird6.cfg
2015-07-17T18:28:32Z evo49 /confd[39]: DEBUG Target config /config/bird6.cfg in sync
2015-07-17T18:28:32Z evo49 /confd[39]: DEBUG Using source template /templates/bird.cfg.template
2015-07-17T18:28:32Z evo49 /confd[39]: DEBUG Compiling source template /templates/bird.cfg.template
2015-07-17T18:28:32Z evo49 /confd[39]: DEBUG Comparing candidate config to /config/bird.cfg
2015-07-17T18:28:32Z evo49 /confd[39]: DEBUG Target config /config/bird.cfg in sync
